30-12-2025 15:13:08.028 [Gauge] [DEBUG] Created gauge_screenshots_dir at c:\Dev\playwright-bug\.gauge\screenshots
30-12-2025 15:13:08.070 [Gauge] [DEBUG] Plugin dotnet is already installed.
30-12-2025 15:13:08.071 [Gauge] [DEBUG] Plugin html-report is already installed.
30-12-2025 15:13:08.072 [Gauge] [DEBUG] Parsing started.
30-12-2025 15:13:08.073 [Gauge] [DEBUG] Started concepts parsing.
30-12-2025 15:13:08.077 [Gauge] [DEBUG] 0 concepts parsing completed.
30-12-2025 15:13:08.077 [Gauge] [DEBUG] Started specifications parsing.
30-12-2025 15:13:08.130 [Gauge] [DEBUG] 1 specifications parsing completed.
30-12-2025 15:13:08.130 [Gauge] [DEBUG] Parsing completed.
30-12-2025 15:13:10.452 [Gauge] [DEBUG] Checking updates...
30-12-2025 15:13:10.486 [Gauge] [DEBUG] Downloading https://downloads.gauge.org/plugin/dotnet?l=dotnet&p=dotnet,html-report,java,json-report,screenshot,xml-report&o=windows&a=amd64
30-12-2025 15:13:11.744 [Gauge] [DEBUG] Downloading https://downloads.gauge.org/plugin/html-report?l=dotnet&p=dotnet,html-report,java,json-report,screenshot,xml-report&o=windows&a=amd64
30-12-2025 15:13:11.880 [Gauge] [DEBUG] Downloading https://downloads.gauge.org/plugin/java?l=dotnet&p=dotnet,html-report,java,json-report,screenshot,xml-report&o=windows&a=amd64
30-12-2025 15:13:12.174 [Gauge] [DEBUG] Downloading https://downloads.gauge.org/plugin/json-report?l=dotnet&p=dotnet,html-report,java,json-report,screenshot,xml-report&o=windows&a=amd64
30-12-2025 15:13:12.297 [Gauge] [DEBUG] Downloading https://downloads.gauge.org/plugin/screenshot?l=dotnet&p=dotnet,html-report,java,json-report,screenshot,xml-report&o=windows&a=amd64
30-12-2025 15:13:12.357 [Gauge] [DEBUG] Downloading https://downloads.gauge.org/plugin/xml-report?l=dotnet&p=dotnet,html-report,java,json-report,screenshot,xml-report&o=windows&a=amd64
30-12-2025 15:13:17.543 [dotnet] [INFO] Workload updates are available. Run `dotnet workload list` for more information.
30-12-2025 15:13:17.709 [dotnet] [DEBUG] Loading assembly from : c:\Dev\playwright-bug\gauge_bin\dotnet-template.dll
30-12-2025 15:13:18.035 [dotnet] [DEBUG] Try load Gauge.CSharp.Lib in GaugeLoadContext
30-12-2025 15:13:18.062 [dotnet] [DEBUG] Try load dotnet-template in GaugeLoadContext
30-12-2025 15:13:18.063 [dotnet] [DEBUG] Try load System.Runtime in GaugeLoadContext
30-12-2025 15:13:18.063 [dotnet] [DEBUG] Try load System.Collections in GaugeLoadContext
30-12-2025 15:13:18.063 [dotnet] [DEBUG] Try load Shouldly in GaugeLoadContext
30-12-2025 15:13:18.063 [dotnet] [DEBUG] Try load System.Linq in GaugeLoadContext
30-12-2025 15:13:18.063 [dotnet] [DEBUG] Try load System.Runtime in GaugeLoadContext
30-12-2025 15:13:18.063 [dotnet] [DEBUG] Number of AssembliesReferencingGaugeLib : 1
30-12-2025 15:13:18.073 [dotnet] [DEBUG] Try load System.Runtime in GaugeLoadContext
30-12-2025 15:13:18.073 [dotnet] [DEBUG] Try load System.Collections in GaugeLoadContext
30-12-2025 15:13:18.073 [dotnet] [DEBUG] Building StepRegistry...
30-12-2025 15:13:18.073 [dotnet] [DEBUG] 3 Step implementations found. Adding to registry...
30-12-2025 15:13:18.073 [dotnet] [DEBUG] 'Vowels in English language are {}.': implementation found in StepRegistry, setting reflected methodInfo
30-12-2025 15:13:18.073 [dotnet] [DEBUG] 'The word {} has {} vowels.': implementation found in StepRegistry, setting reflected methodInfo
30-12-2025 15:13:18.073 [dotnet] [DEBUG] 'Almost all words have vowels {}': implementation found in StepRegistry, setting reflected methodInfo
30-12-2025 15:13:18.073 [dotnet] [DEBUG] Building StepRegistry...
30-12-2025 15:13:18.073 [dotnet] [DEBUG] 3 Step implementations found. Adding to registry...
30-12-2025 15:13:18.073 [dotnet] [DEBUG] 'Vowels in English language are {}.': implementation found in StepRegistry, setting reflected methodInfo
30-12-2025 15:13:18.073 [dotnet] [DEBUG] 'The word {} has {} vowels.': implementation found in StepRegistry, setting reflected methodInfo
30-12-2025 15:13:18.073 [dotnet] [DEBUG] 'Almost all words have vowels {}': implementation found in StepRegistry, setting reflected methodInfo
30-12-2025 15:13:18.178 [Gauge] [DEBUG] Attempting to connect to grpc server at port: 54759
30-12-2025 15:13:18.178 [Gauge] [DEBUG] Successfully made the connection with runner with port: 54759
30-12-2025 15:13:18.178 [Gauge] [DEBUG] Validation started.
30-12-2025 15:13:18.343 [Gauge] [DEBUG] Validation completed.
30-12-2025 15:13:18.345 [Gauge] [DEBUG] Run started
30-12-2025 15:13:18.347 [Gauge] [DEBUG] Starting Html Report plugin
30-12-2025 15:13:18.451 [html-report] [DEBUG] Setting MaxRecvMsgSize = 1024 MB
30-12-2025 15:13:18.453 [Gauge] [DEBUG] Attempting to connect to grpc server at port: 54762
30-12-2025 15:13:18.453 [Gauge] [DEBUG] Successfully made the connection with plugin with port: 54762
30-12-2025 15:13:18.453 [Gauge] [DEBUG] Initialising suite data store.
30-12-2025 15:13:18.465 [dotnet] [DEBUG] Try load System.Collections.Concurrent in GaugeLoadContext
30-12-2025 15:13:18.497 [dotnet] [DEBUG] Loaded Instance Manager of Type: Gauge.CSharp.Lib.DefaultClassInstanceManager
30-12-2025 15:13:18.513 [Gauge] [INFO] # Specification Heading
30-12-2025 15:13:18.616 [Gauge] [INFO] ## Vowel counts in single word
30-12-2025 15:13:18.648 [Gauge] [DEBUG] * Vowels in English language are "aeiou".

30-12-2025 15:13:18.711 [dotnet] [DEBUG] Calling InvokeMethod to call method Void SetLanguageVowels(System.String)
30-12-2025 15:13:18.711 [dotnet] [DEBUG] Try load System.Threading in GaugeLoadContext
30-12-2025 15:13:18.711 [dotnet] [DEBUG] Try load System.Collections in GaugeLoadContext
30-12-2025 15:13:18.719 [Gauge] [DEBUG] * The word "gauge" has "3" vowels.

30-12-2025 15:13:18.739 [dotnet] [DEBUG] Calling InvokeMethod to call method Void VerifyVowelsCountInWord(System.String, Int32)
30-12-2025 15:13:18.740 [dotnet] [DEBUG] Try load System.Runtime in GaugeLoadContext
30-12-2025 15:13:18.740 [dotnet] [DEBUG] Try load System.Linq in GaugeLoadContext
30-12-2025 15:13:18.741 [dotnet] [DEBUG] Try load System.Collections in GaugeLoadContext
30-12-2025 15:13:18.742 [dotnet] [DEBUG] Try load DiffEngine in GaugeLoadContext
30-12-2025 15:13:18.743 [dotnet] [DEBUG] Try load System.Runtime in GaugeLoadContext
30-12-2025 15:13:18.743 [dotnet] [DEBUG] Try load System.Linq in GaugeLoadContext
30-12-2025 15:13:18.773 [html-report] [DEBUG] Transformed SuiteResult to report structure
30-12-2025 15:13:19.483 [html-report] [INFO] Successfully generated html-report to => c:\Dev\playwright-bug\reports\html-report\index.html
30-12-2025 15:13:19.483 [html-report] [DEBUG] Done generating HTML report using theme from C:\Users\spakda1\AppData\Roaming\gauge\plugins\html-report\4.4.0\themes\default
30-12-2025 15:13:19.484 [Gauge] [DEBUG] Sending kill message to Html Report plugin.
30-12-2025 15:13:19.500 [dotnet] [DEBUG] KillProcessrequest received
30-12-2025 15:13:19.505 [Gauge] [INFO] Specifications:	1 executed	1 passed	0 failed	0 skipped
30-12-2025 15:13:19.505 [Gauge] [INFO] Scenarios:	1 executed	1 passed	0 failed	0 skipped
30-12-2025 15:13:19.505 [Gauge] [INFO] 
Total time taken: 419ms
