30-12-2025 15:10:02.553 [Gauge] [INFO] Initializing concepts cache with 0 concepts
30-12-2025 15:10:02.567 [Gauge] [INFO] Initializing specs cache with 1 specs
30-12-2025 15:10:02.567 [Gauge] [DEBUG] Adding specs from c:\Dev\playwright-bug\playwright-bug\specs\example.spec
30-12-2025 15:10:02.567 [Gauge] [INFO] Initializing steps cache with 1 steps
30-12-2025 15:10:02.569 [Gauge] [INFO] Starting language runner
30-12-2025 15:10:02.772 [Gauge] [DEBUG] Watching directory: c:\Dev\playwright-bug\playwright-bug\specs
30-12-2025 15:10:02.773 [Gauge] [DEBUG] Found 1 files
30-12-2025 15:10:08.404 [dotnet] [INFO] C:\Program Files\dotnet\sdk\9.0.201\Sdks\Microsoft.NET.Sdk\targets\Microsoft.NET.TargetFrameworkInference.targets(166,5): error NETSDK1045: The current .NET SDK does not support targeting .NET 10.0.  Either target .NET 9.0 or lower, or use a version of the
30-12-2025 15:10:08.423 [dotnet] [INFO] .NET SDK that supports .NET 10.0. Download the .NET SDK from https://aka.ms/dotnet/download [c:\Dev\playwright-bug\playwright-bug\dotnet-template.csproj]
30-12-2025 15:10:08.699 [dotnet] [INFO] Workload updates are available. Run `dotnet workload list` for more information.
30-12-2025 15:10:09.236 [dotnet] [ERROR] Unhandled exception.
30-12-2025 15:10:09.285 [dotnet] [ERROR] System.IO.DirectoryNotFoundException: c:\Dev\playwright-bug\playwright-bug\gauge_bin\
30-12-2025 15:10:09.286 [dotnet] [ERROR] at Microsoft.Extensions.FileProviders.PhysicalFileProvider..ctor(String root, ExclusionFilters filters)
30-12-2025 15:10:09.286 [dotnet] [ERROR] at Gauge.Dotnet.Program.ConfigureServices(IServiceCollection services, IConfiguration config) in /home/runner/work/gauge-dotnet/gauge-dotnet/src/Program.cs:line 117
30-12-2025 15:10:09.286 [dotnet] [ERROR] at Gauge.Dotnet.Program.Main(String[] args) in /home/runner/work/gauge-dotnet/gauge-dotnet/src/Program.cs:line 53
30-12-2025 15:10:09.286 [dotnet] [ERROR] at Gauge.Dotnet.Program.<Main>(String[] args)
30-12-2025 15:10:09.358 [Gauge] [ERROR] Error occurred while waiting for runner process to finish.
Error : exit status 0xe0434352
30-12-2025 15:10:09.359 [Gauge] [DEBUG] Gauge could not initialize. Install 'ms-dotnettools.csharp' extension for code insights. For more information see[Problems](command:workbench.actions.view.problems), check logs.[Troubleshooting](https://docs.gauge.org/troubleshooting.html?language=javascript&ide=vscode#gauge-could-not-initialize-for-more-information-see-problems)
Some of the gauge lsp feature will not work as expected.
30-12-2025 15:10:09.359 [Gauge] [INFO] LangServer: reading on stdin, writing on stdout
30-12-2025 15:10:09.359 [Gauge] [DEBUG] jsonrpc2: <-- notif: window/showMessage: {"type":1,"message":"Gauge could not initialize. Install 'ms-dotnettools.csharp' extension for code insights. For more information see[Problems](command:workbench.actions.view.problems), check logs.[Troubleshooting](https://docs.gauge.org/troubleshooting.html?language=javascript\u0026ide=vscode#gauge-could-not-initialize-for-more-information-see-problems)"}
30-12-2025 15:10:09.360 [Gauge] [DEBUG] jsonrpc2: --> request #0: initialize: {"capabilities":{"general":{"markdown":{"parser":"marked","version":"1.1.0"},"positionEncodings":["utf-16"],"regularExpressions":{"engine":"ECMAScript","version":"ES2020"},"staleRequestSupport":{"cancel":true,"retryOnContentModified":["textDocument/semanticTokens/full","textDocument/semanticTokens/range","textDocument/semanticTokens/full/delta"]}},"notebookDocument":{"synchronization":{"dynamicRegistration":true,"executionSummarySupport":true}},"saveFiles":true,"textDocument":{"callHierarchy":{"dynamicRegistration":true},"codeAction":{"codeActionLiteralSupport":{"codeActionKind":{"valueSet":["","quickfix","refactor","refactor.extract","refactor.inline","refactor.rewrite","source","source.organizeImports"]}},"dataSupport":true,"disabledSupport":true,"dynamicRegistration":true,"honorsChangeAnnotations":true,"isPreferredSupport":true,"resolveSupport":{"properties":["edit"]}},"codeLens":{"dynamicRegistration":true},"colorProvider":{"dynamicRegistration":true},"completion":{"completionItem":{"commitCharactersSupport":true,"deprecatedSupport":true,"documentationFormat":["markdown","plaintext"],"insertReplaceSupport":true,"insertTextModeSupport":{"valueSet":[1,2]},"labelDetailsSupport":true,"preselectSupport":true,"resolveSupport":{"properties":["documentation","detail","additionalTextEdits"]},"snippetSupport":true,"tagSupport":{"valueSet":[1]}},"completionItemKind":{"valueSet":[1,2,3,4,5,6,7,8,9,10,11,12,13,14,15,16,17,18,19,20,21,22,23,24,25]},"completionList":{"itemDefaults":["commitCharacters","editRange","insertTextFormat","insertTextMode","data"]},"contextSupport":true,"dynamicRegistration":true,"insertTextMode":2},"declaration":{"dynamicRegistration":true,"linkSupport":true},"definition":{"dynamicRegistration":true,"linkSupport":true},"diagnostic":{"dynamicRegistration":true,"relatedDocumentSupport":false},"documentHighlight":{"dynamicRegistration":true},"documentLink":{"dynamicRegistration":true,"tooltipSupport":true},"documentSymbol":{"dynamicRegistration":true,"hierarchicalDocumentSymbolSupport":true,"labelSupport":true,"symbolKind":{"valueSet":[1,2,3,4,5,6,7,8,9,10,11,12,13,14,15,16,17,18,19,20,21,22,23,24,25,26]},"tagSupport":{"valueSet":[1]}},"foldingRange":{"dynamicRegistration":true,"foldingRange":{"collapsedText":false},"foldingRangeKind":{"valueSet":["comment","imports","region"]},"lineFoldingOnly":true,"rangeLimit":5000},"formatting":{"dynamicRegistration":true},"hover":{"contentFormat":["markdown","plaintext"],"dynamicRegistration":true},"implementation":{"dynamicRegistration":true,"linkSupport":true},"inlayHint":{"dynamicRegistration":true,"resolveSupport":{"properties":["tooltip","textEdits","label.tooltip","label.location","label.command"]}},"inlineValue":{"dynamicRegistration":true},"linkedEditingRange":{"dynamicRegistration":true},"onTypeFormatting":{"dynamicRegistration":true},"publishDiagnostics":{"codeDescriptionSupport":true,"dataSupport":true,"relatedInformation":true,"tagSupport":{"valueSet":[1,2]},"versionSupport":false},"rangeFormatting":{"dynamicRegistration":true,"rangesSupport":true},"references":{"dynamicRegistration":true},"rename":{"dynamicRegistration":true,"honorsChangeAnnotations":true,"prepareSupport":true,"prepareSupportDefaultBehavior":1},"selectionRange":{"dynamicRegistration":true},"semanticTokens":{"augmentsSyntaxTokens":true,"dynamicRegistration":true,"formats":["relative"],"multilineTokenSupport":false,"overlappingTokenSupport":false,"requests":{"full":{"delta":true},"range":true},"serverCancelSupport":true,"tokenModifiers":["declaration","definition","readonly","static","deprecated","abstract","async","modification","documentation","defaultLibrary"],"tokenTypes":["namespace","type","class","enum","interface","struct","typeParameter","parameter","variable","property","enumMember","event","function","method","macro","keyword","modifier","comment","string","number","regexp","operator","decorator"]},"signatureHelp":{"contextSupport":true,"dynamicRegistration":true,"signatureInformation":{"activeParameterSupport":true,"documentationFormat":["markdown","plaintext"],"parameterInformation":{"labelOffsetSupport":true}}},"synchronization":{"didSave":true,"dynamicRegistration":true,"willSave":true,"willSaveWaitUntil":true},"typeDefinition":{"dynamicRegistration":true,"linkSupport":true},"typeHierarchy":{"dynamicRegistration":true}},"window":{"showDocument":{"support":true},"showMessage":{"messageActionItem":{"additionalPropertiesSupport":true}},"workDoneProgress":true},"workspace":{"applyEdit":true,"codeLens":{"refreshSupport":true},"configuration":true,"diagnostics":{"refreshSupport":true},"didChangeConfiguration":{"dynamicRegistration":true},"didChangeWatchedFiles":{"dynamicRegistration":true,"relativePatternSupport":true},"executeCommand":{"dynamicRegistration":true},"fileOperations":{"didCreate":true,"didDelete":true,"didRename":true,"dynamicRegistration":true,"willCreate":true,"willDelete":true,"willRename":true},"foldingRange":{"refreshSupport":true},"inlayHint":{"refreshSupport":true},"inlineValue":{"refreshSupport":true},"semanticTokens":{"refreshSupport":true},"symbol":{"dynamicRegistration":true,"resolveSupport":{"properties":["location.range"]},"symbolKind":{"valueSet":[1,2,3,4,5,6,7,8,9,10,11,12,13,14,15,16,17,18,19,20,21,22,23,24,25,26]},"tagSupport":{"valueSet":[1]}},"workspaceEdit":{"changeAnnotationSupport":{"groupsOnLabel":true},"documentChanges":true,"failureHandling":"textOnlyTransactional","normalizesLineEndings":true,"resourceOperations":["create","rename","delete"]}}},"clientInfo":{"name":"Visual Studio Code","version":"1.104.0"},"locale":"en","processId":13668,"rootPath":"c:\\Dev\\playwright-bug\\playwright-bug","rootUri":"file:///c%!A(MISSING)/Dev/playwright-bug/playwright-bug","trace":"off","workspaceFolders":[{"name":"playwright-bug","uri":"file:///c%!A(MISSING)/Dev/playwright-bug/playwright-bug"}]}
30-12-2025 15:10:09.368 [Gauge] [DEBUG] jsonrpc2: <-- result #0: initialize: {"capabilities":{"textDocumentSync":1,"completionProvider":{"resolveProvider":true,"triggerCharacters":["*","* ","\"","\u003c",":",","]},"definitionProvider":true,"documentSymbolProvider":true,"workspaceSymbolProvider":true,"codeActionProvider":true,"codeLensProvider":{},"documentFormattingProvider":true,"renameProvider":true}}
30-12-2025 15:10:14.880 [Gauge] [INFO] Initializing concepts cache with 0 concepts
30-12-2025 15:10:14.887 [Gauge] [INFO] Initializing specs cache with 1 specs
30-12-2025 15:10:14.887 [Gauge] [DEBUG] Adding specs from c:\Dev\playwright-bug\playwright-bug\specs\example.spec
30-12-2025 15:10:14.887 [Gauge] [INFO] Initializing steps cache with 1 steps
30-12-2025 15:10:14.889 [Gauge] [INFO] Starting language runner
30-12-2025 15:10:14.894 [Gauge] [DEBUG] Watching directory: c:\Dev\playwright-bug\playwright-bug\specs
30-12-2025 15:10:14.894 [Gauge] [DEBUG] Found 1 files
30-12-2025 15:10:17.834 [dotnet] [INFO] C:\Program Files\dotnet\sdk\9.0.201\Sdks\Microsoft.NET.Sdk\targets\Microsoft.NET.TargetFrameworkInference.targets(166,5): error NETSDK1045: The current .NET SDK does not support targeting .NET 10.0.  Either target .NET 9.0 or lower, or use a version of the
30-12-2025 15:10:17.835 [dotnet] [INFO] .NET SDK that supports .NET 10.0. Download the .NET SDK from https://aka.ms/dotnet/download [c:\Dev\playwright-bug\playwright-bug\dotnet-template.csproj]
30-12-2025 15:10:17.861 [dotnet] [INFO] Workload updates are available. Run `dotnet workload list` for more information.
30-12-2025 15:10:17.914 [dotnet] [ERROR] Unhandled exception.
30-12-2025 15:10:17.942 [dotnet] [ERROR] System.IO.DirectoryNotFoundException: c:\Dev\playwright-bug\playwright-bug\gauge_bin\
30-12-2025 15:10:17.942 [dotnet] [ERROR] at Microsoft.Extensions.FileProviders.PhysicalFileProvider..ctor(String root, ExclusionFilters filters)
30-12-2025 15:10:17.942 [dotnet] [ERROR] at Gauge.Dotnet.Program.ConfigureServices(IServiceCollection services, IConfiguration config) in /home/runner/work/gauge-dotnet/gauge-dotnet/src/Program.cs:line 117
30-12-2025 15:10:17.942 [dotnet] [ERROR] at Gauge.Dotnet.Program.Main(String[] args) in /home/runner/work/gauge-dotnet/gauge-dotnet/src/Program.cs:line 53
30-12-2025 15:10:17.942 [dotnet] [ERROR] at Gauge.Dotnet.Program.<Main>(String[] args)
30-12-2025 15:10:17.963 [Gauge] [ERROR] Error occurred while waiting for runner process to finish.
Error : exit status 0xe0434352
30-12-2025 15:10:17.964 [Gauge] [DEBUG] Gauge could not initialize. Install 'ms-dotnettools.csharp' extension for code insights. For more information see[Problems](command:workbench.actions.view.problems), check logs.[Troubleshooting](https://docs.gauge.org/troubleshooting.html?language=javascript&ide=vscode#gauge-could-not-initialize-for-more-information-see-problems)
Some of the gauge lsp feature will not work as expected.
30-12-2025 15:10:17.964 [Gauge] [INFO] LangServer: reading on stdin, writing on stdout
30-12-2025 15:10:17.964 [Gauge] [DEBUG] jsonrpc2: <-- notif: window/showMessage: {"type":1,"message":"Gauge could not initialize. Install 'ms-dotnettools.csharp' extension for code insights. For more information see[Problems](command:workbench.actions.view.problems), check logs.[Troubleshooting](https://docs.gauge.org/troubleshooting.html?language=javascript\u0026ide=vscode#gauge-could-not-initialize-for-more-information-see-problems)"}
30-12-2025 15:10:17.967 [Gauge] [DEBUG] jsonrpc2: --> request #0: initialize: {"capabilities":{"general":{"markdown":{"parser":"marked","version":"1.1.0"},"positionEncodings":["utf-16"],"regularExpressions":{"engine":"ECMAScript","version":"ES2020"},"staleRequestSupport":{"cancel":true,"retryOnContentModified":["textDocument/semanticTokens/full","textDocument/semanticTokens/range","textDocument/semanticTokens/full/delta"]}},"notebookDocument":{"synchronization":{"dynamicRegistration":true,"executionSummarySupport":true}},"saveFiles":true,"textDocument":{"callHierarchy":{"dynamicRegistration":true},"codeAction":{"codeActionLiteralSupport":{"codeActionKind":{"valueSet":["","quickfix","refactor","refactor.extract","refactor.inline","refactor.rewrite","source","source.organizeImports"]}},"dataSupport":true,"disabledSupport":true,"dynamicRegistration":true,"honorsChangeAnnotations":true,"isPreferredSupport":true,"resolveSupport":{"properties":["edit"]}},"codeLens":{"dynamicRegistration":true},"colorProvider":{"dynamicRegistration":true},"completion":{"completionItem":{"commitCharactersSupport":true,"deprecatedSupport":true,"documentationFormat":["markdown","plaintext"],"insertReplaceSupport":true,"insertTextModeSupport":{"valueSet":[1,2]},"labelDetailsSupport":true,"preselectSupport":true,"resolveSupport":{"properties":["documentation","detail","additionalTextEdits"]},"snippetSupport":true,"tagSupport":{"valueSet":[1]}},"completionItemKind":{"valueSet":[1,2,3,4,5,6,7,8,9,10,11,12,13,14,15,16,17,18,19,20,21,22,23,24,25]},"completionList":{"itemDefaults":["commitCharacters","editRange","insertTextFormat","insertTextMode","data"]},"contextSupport":true,"dynamicRegistration":true,"insertTextMode":2},"declaration":{"dynamicRegistration":true,"linkSupport":true},"definition":{"dynamicRegistration":true,"linkSupport":true},"diagnostic":{"dynamicRegistration":true,"relatedDocumentSupport":false},"documentHighlight":{"dynamicRegistration":true},"documentLink":{"dynamicRegistration":true,"tooltipSupport":true},"documentSymbol":{"dynamicRegistration":true,"hierarchicalDocumentSymbolSupport":true,"labelSupport":true,"symbolKind":{"valueSet":[1,2,3,4,5,6,7,8,9,10,11,12,13,14,15,16,17,18,19,20,21,22,23,24,25,26]},"tagSupport":{"valueSet":[1]}},"foldingRange":{"dynamicRegistration":true,"foldingRange":{"collapsedText":false},"foldingRangeKind":{"valueSet":["comment","imports","region"]},"lineFoldingOnly":true,"rangeLimit":5000},"formatting":{"dynamicRegistration":true},"hover":{"contentFormat":["markdown","plaintext"],"dynamicRegistration":true},"implementation":{"dynamicRegistration":true,"linkSupport":true},"inlayHint":{"dynamicRegistration":true,"resolveSupport":{"properties":["tooltip","textEdits","label.tooltip","label.location","label.command"]}},"inlineValue":{"dynamicRegistration":true},"linkedEditingRange":{"dynamicRegistration":true},"onTypeFormatting":{"dynamicRegistration":true},"publishDiagnostics":{"codeDescriptionSupport":true,"dataSupport":true,"relatedInformation":true,"tagSupport":{"valueSet":[1,2]},"versionSupport":false},"rangeFormatting":{"dynamicRegistration":true,"rangesSupport":true},"references":{"dynamicRegistration":true},"rename":{"dynamicRegistration":true,"honorsChangeAnnotations":true,"prepareSupport":true,"prepareSupportDefaultBehavior":1},"selectionRange":{"dynamicRegistration":true},"semanticTokens":{"augmentsSyntaxTokens":true,"dynamicRegistration":true,"formats":["relative"],"multilineTokenSupport":false,"overlappingTokenSupport":false,"requests":{"full":{"delta":true},"range":true},"serverCancelSupport":true,"tokenModifiers":["declaration","definition","readonly","static","deprecated","abstract","async","modification","documentation","defaultLibrary"],"tokenTypes":["namespace","type","class","enum","interface","struct","typeParameter","parameter","variable","property","enumMember","event","function","method","macro","keyword","modifier","comment","string","number","regexp","operator","decorator"]},"signatureHelp":{"contextSupport":true,"dynamicRegistration":true,"signatureInformation":{"activeParameterSupport":true,"documentationFormat":["markdown","plaintext"],"parameterInformation":{"labelOffsetSupport":true}}},"synchronization":{"didSave":true,"dynamicRegistration":true,"willSave":true,"willSaveWaitUntil":true},"typeDefinition":{"dynamicRegistration":true,"linkSupport":true},"typeHierarchy":{"dynamicRegistration":true}},"window":{"showDocument":{"support":true},"showMessage":{"messageActionItem":{"additionalPropertiesSupport":true}},"workDoneProgress":true},"workspace":{"applyEdit":true,"codeLens":{"refreshSupport":true},"configuration":true,"diagnostics":{"refreshSupport":true},"didChangeConfiguration":{"dynamicRegistration":true},"didChangeWatchedFiles":{"dynamicRegistration":true,"relativePatternSupport":true},"executeCommand":{"dynamicRegistration":true},"fileOperations":{"didCreate":true,"didDelete":true,"didRename":true,"dynamicRegistration":true,"willCreate":true,"willDelete":true,"willRename":true},"foldingRange":{"refreshSupport":true},"inlayHint":{"refreshSupport":true},"inlineValue":{"refreshSupport":true},"semanticTokens":{"refreshSupport":true},"symbol":{"dynamicRegistration":true,"resolveSupport":{"properties":["location.range"]},"symbolKind":{"valueSet":[1,2,3,4,5,6,7,8,9,10,11,12,13,14,15,16,17,18,19,20,21,22,23,24,25,26]},"tagSupport":{"valueSet":[1]}},"workspaceEdit":{"changeAnnotationSupport":{"groupsOnLabel":true},"documentChanges":true,"failureHandling":"textOnlyTransactional","normalizesLineEndings":true,"resourceOperations":["create","rename","delete"]}}},"clientInfo":{"name":"Visual Studio Code","version":"1.104.0"},"locale":"en","processId":17900,"rootPath":"c:\\Dev\\playwright-bug\\playwright-bug","rootUri":"file:///c%!A(MISSING)/Dev/playwright-bug/playwright-bug","trace":"off","workspaceFolders":[{"name":"playwright-bug","uri":"file:///c%!A(MISSING)/Dev/playwright-bug/playwright-bug"}]}
30-12-2025 15:10:17.967 [Gauge] [DEBUG] jsonrpc2: <-- result #0: initialize: {"capabilities":{"textDocumentSync":1,"completionProvider":{"resolveProvider":true,"triggerCharacters":["*","* ","\"","\u003c",":",","]},"definitionProvider":true,"documentSymbolProvider":true,"workspaceSymbolProvider":true,"codeActionProvider":true,"codeLensProvider":{},"documentFormattingProvider":true,"renameProvider":true}}
30-12-2025 15:10:20.225 [Gauge] [DEBUG] jsonrpc2: --> notif: initialized: {}
30-12-2025 15:10:20.228 [Gauge] [DEBUG] jsonrpc2: <-- request #0: client/registerCapability: {"registrations":[{"id":"gauge-fileWatcher","method":"workspace/didChangeWatchedFiles","registerOptions":{"watchers":[{"globPattern":"c:/Dev/playwright-bug/playwright-bug/**/*{.spec,.md,.cpt}","kind":5}]}}]}
30-12-2025 15:10:22.044 [Gauge] [DEBUG] jsonrpc2: --> notif: workspace/didChangeConfiguration: {"settings":{"gauge":{"codeLenses":{"reference":true},"create":{"specification":{"withHelp":true}},"execution":{"debugPort":9229},"formatting":{"skipEmptyLineInsertions":false},"launch":{"enableDebugLogs":true},"recommendedSettings":{"options":"Apply \u0026 Reload"},"semanticTokenColors":{"argument":"#ae81ff","comment":"#cccccc","disabledStep":"#228549","scenario":"#66d9ef","specification":"#66d9ef","step":"#a6e22e","stepMarker":"#ffffff","table":"#ae81ff","tableBorder":"#8349f0","tableHeaderSeparator":"#8349f0","tagKeyword":"#ff4689","tagValue":"#fc88b2"},"specExplorer":{"enabled":true},"welcomeNotification":{"showOn":"never"}}}}
30-12-2025 15:10:22.045 [Gauge] [DEBUG] notif #0: workspace/didChangeConfiguration: Updated settings.
30-12-2025 15:10:22.045 [Gauge] [DEBUG] jsonrpc2: <-- notif: window/logMessage: {"type":4,"message":"notif #0: workspace/didChangeConfiguration: Updated settings."}
30-12-2025 15:10:22.422 [Gauge] [DEBUG] jsonrpc2: --> request #1: gauge/getRunnerLanguage: null
30-12-2025 15:10:22.447 [Gauge] [DEBUG] jsonrpc2: <-- result #1: gauge/getRunnerLanguage: ""
30-12-2025 15:10:22.547 [Gauge] [DEBUG] jsonrpc2: --> result #0: client/registerCapability: null
30-12-2025 15:10:22.573 [Gauge] [ERROR] notif #0: initialized: current runner is not compatible with gauge LSP
30-12-2025 15:10:22.573 [Gauge] [DEBUG] jsonrpc2: <-- notif: window/logMessage: {"type":1,"message":"notif #0: initialized: current runner is not compatible with gauge LSP"}
30-12-2025 15:10:22.577 [Gauge] [DEBUG] jsonrpc2: <-- notif: textDocument/publishDiagnostics: {"uri":"file:///c%!A(MISSING)/Dev/playwright-bug/playwright-bug/specs/example.spec","diagnostics":[]}
30-12-2025 15:10:49.646 [Gauge] [DEBUG] jsonrpc2: --> request #2: shutdown: null
30-12-2025 15:10:49.651 [Gauge] [DEBUG] jsonrpc2: <-- result #2: shutdown: null
30-12-2025 15:10:49.660 [Gauge] [DEBUG] jsonrpc2: --> notif: exit: null
30-12-2025 15:10:49.660 [Gauge] [INFO] Connection closed
30-12-2025 15:10:49.660 [Gauge] [ERROR] Unable to log error 'Connection closed' to LSP: jsonrpc2: connection is closed
30-12-2025 15:11:32.116 [Gauge] [INFO] Initializing concepts cache with 0 concepts
30-12-2025 15:11:32.119 [Gauge] [INFO] Initializing specs cache with 1 specs
30-12-2025 15:11:32.119 [Gauge] [DEBUG] Adding specs from c:\Dev\playwright-bug\specs\example.spec
30-12-2025 15:11:32.119 [Gauge] [INFO] Initializing steps cache with 1 steps
30-12-2025 15:11:32.121 [Gauge] [INFO] Starting language runner
30-12-2025 15:11:32.141 [Gauge] [DEBUG] Watching directory: c:\Dev\playwright-bug\specs
30-12-2025 15:11:32.142 [Gauge] [DEBUG] Found 1 files
30-12-2025 15:11:35.233 [dotnet] [INFO] C:\Program Files\dotnet\sdk\9.0.201\Sdks\Microsoft.NET.Sdk\targets\Microsoft.NET.TargetFrameworkInference.targets(166,5): error NETSDK1045: The current .NET SDK does not support targeting .NET 10.0.  Either target .NET 9.0 or lower, or use a version of the
30-12-2025 15:11:35.233 [dotnet] [INFO] .NET SDK that supports .NET 10.0. Download the .NET SDK from https://aka.ms/dotnet/download [c:\Dev\playwright-bug\dotnet-template.csproj]
30-12-2025 15:11:35.260 [dotnet] [INFO] Workload updates are available. Run `dotnet workload list` for more information.
30-12-2025 15:11:35.310 [dotnet] [ERROR] Unhandled exception.
30-12-2025 15:11:35.351 [dotnet] [ERROR] System.IO.DirectoryNotFoundException: c:\Dev\playwright-bug\gauge_bin\
30-12-2025 15:11:35.352 [dotnet] [ERROR] at Microsoft.Extensions.FileProviders.PhysicalFileProvider..ctor(String root, ExclusionFilters filters)
30-12-2025 15:11:35.352 [dotnet] [ERROR] at Gauge.Dotnet.Program.ConfigureServices(IServiceCollection services, IConfiguration config) in /home/runner/work/gauge-dotnet/gauge-dotnet/src/Program.cs:line 117
30-12-2025 15:11:35.352 [dotnet] [ERROR] at Gauge.Dotnet.Program.Main(String[] args) in /home/runner/work/gauge-dotnet/gauge-dotnet/src/Program.cs:line 53
30-12-2025 15:11:35.352 [dotnet] [ERROR] at Gauge.Dotnet.Program.<Main>(String[] args)
30-12-2025 15:11:35.378 [Gauge] [ERROR] Error occurred while waiting for runner process to finish.
Error : exit status 0xe0434352
30-12-2025 15:11:35.379 [Gauge] [DEBUG] Gauge could not initialize. Install 'ms-dotnettools.csharp' extension for code insights. For more information see[Problems](command:workbench.actions.view.problems), check logs.[Troubleshooting](https://docs.gauge.org/troubleshooting.html?language=javascript&ide=vscode#gauge-could-not-initialize-for-more-information-see-problems)
Some of the gauge lsp feature will not work as expected.
30-12-2025 15:11:35.379 [Gauge] [INFO] LangServer: reading on stdin, writing on stdout
30-12-2025 15:11:35.379 [Gauge] [DEBUG] jsonrpc2: <-- notif: window/showMessage: {"type":1,"message":"Gauge could not initialize. Install 'ms-dotnettools.csharp' extension for code insights. For more information see[Problems](command:workbench.actions.view.problems), check logs.[Troubleshooting](https://docs.gauge.org/troubleshooting.html?language=javascript\u0026ide=vscode#gauge-could-not-initialize-for-more-information-see-problems)"}
30-12-2025 15:11:35.380 [Gauge] [DEBUG] jsonrpc2: --> request #0: initialize: {"capabilities":{"general":{"markdown":{"parser":"marked","version":"1.1.0"},"positionEncodings":["utf-16"],"regularExpressions":{"engine":"ECMAScript","version":"ES2020"},"staleRequestSupport":{"cancel":true,"retryOnContentModified":["textDocument/semanticTokens/full","textDocument/semanticTokens/range","textDocument/semanticTokens/full/delta"]}},"notebookDocument":{"synchronization":{"dynamicRegistration":true,"executionSummarySupport":true}},"saveFiles":true,"textDocument":{"callHierarchy":{"dynamicRegistration":true},"codeAction":{"codeActionLiteralSupport":{"codeActionKind":{"valueSet":["","quickfix","refactor","refactor.extract","refactor.inline","refactor.rewrite","source","source.organizeImports"]}},"dataSupport":true,"disabledSupport":true,"dynamicRegistration":true,"honorsChangeAnnotations":true,"isPreferredSupport":true,"resolveSupport":{"properties":["edit"]}},"codeLens":{"dynamicRegistration":true},"colorProvider":{"dynamicRegistration":true},"completion":{"completionItem":{"commitCharactersSupport":true,"deprecatedSupport":true,"documentationFormat":["markdown","plaintext"],"insertReplaceSupport":true,"insertTextModeSupport":{"valueSet":[1,2]},"labelDetailsSupport":true,"preselectSupport":true,"resolveSupport":{"properties":["documentation","detail","additionalTextEdits"]},"snippetSupport":true,"tagSupport":{"valueSet":[1]}},"completionItemKind":{"valueSet":[1,2,3,4,5,6,7,8,9,10,11,12,13,14,15,16,17,18,19,20,21,22,23,24,25]},"completionList":{"itemDefaults":["commitCharacters","editRange","insertTextFormat","insertTextMode","data"]},"contextSupport":true,"dynamicRegistration":true,"insertTextMode":2},"declaration":{"dynamicRegistration":true,"linkSupport":true},"definition":{"dynamicRegistration":true,"linkSupport":true},"diagnostic":{"dynamicRegistration":true,"relatedDocumentSupport":false},"documentHighlight":{"dynamicRegistration":true},"documentLink":{"dynamicRegistration":true,"tooltipSupport":true},"documentSymbol":{"dynamicRegistration":true,"hierarchicalDocumentSymbolSupport":true,"labelSupport":true,"symbolKind":{"valueSet":[1,2,3,4,5,6,7,8,9,10,11,12,13,14,15,16,17,18,19,20,21,22,23,24,25,26]},"tagSupport":{"valueSet":[1]}},"foldingRange":{"dynamicRegistration":true,"foldingRange":{"collapsedText":false},"foldingRangeKind":{"valueSet":["comment","imports","region"]},"lineFoldingOnly":true,"rangeLimit":5000},"formatting":{"dynamicRegistration":true},"hover":{"contentFormat":["markdown","plaintext"],"dynamicRegistration":true},"implementation":{"dynamicRegistration":true,"linkSupport":true},"inlayHint":{"dynamicRegistration":true,"resolveSupport":{"properties":["tooltip","textEdits","label.tooltip","label.location","label.command"]}},"inlineValue":{"dynamicRegistration":true},"linkedEditingRange":{"dynamicRegistration":true},"onTypeFormatting":{"dynamicRegistration":true},"publishDiagnostics":{"codeDescriptionSupport":true,"dataSupport":true,"relatedInformation":true,"tagSupport":{"valueSet":[1,2]},"versionSupport":false},"rangeFormatting":{"dynamicRegistration":true,"rangesSupport":true},"references":{"dynamicRegistration":true},"rename":{"dynamicRegistration":true,"honorsChangeAnnotations":true,"prepareSupport":true,"prepareSupportDefaultBehavior":1},"selectionRange":{"dynamicRegistration":true},"semanticTokens":{"augmentsSyntaxTokens":true,"dynamicRegistration":true,"formats":["relative"],"multilineTokenSupport":false,"overlappingTokenSupport":false,"requests":{"full":{"delta":true},"range":true},"serverCancelSupport":true,"tokenModifiers":["declaration","definition","readonly","static","deprecated","abstract","async","modification","documentation","defaultLibrary"],"tokenTypes":["namespace","type","class","enum","interface","struct","typeParameter","parameter","variable","property","enumMember","event","function","method","macro","keyword","modifier","comment","string","number","regexp","operator","decorator"]},"signatureHelp":{"contextSupport":true,"dynamicRegistration":true,"signatureInformation":{"activeParameterSupport":true,"documentationFormat":["markdown","plaintext"],"parameterInformation":{"labelOffsetSupport":true}}},"synchronization":{"didSave":true,"dynamicRegistration":true,"willSave":true,"willSaveWaitUntil":true},"typeDefinition":{"dynamicRegistration":true,"linkSupport":true},"typeHierarchy":{"dynamicRegistration":true}},"window":{"showDocument":{"support":true},"showMessage":{"messageActionItem":{"additionalPropertiesSupport":true}},"workDoneProgress":true},"workspace":{"applyEdit":true,"codeLens":{"refreshSupport":true},"configuration":true,"diagnostics":{"refreshSupport":true},"didChangeConfiguration":{"dynamicRegistration":true},"didChangeWatchedFiles":{"dynamicRegistration":true,"relativePatternSupport":true},"executeCommand":{"dynamicRegistration":true},"fileOperations":{"didCreate":true,"didDelete":true,"didRename":true,"dynamicRegistration":true,"willCreate":true,"willDelete":true,"willRename":true},"foldingRange":{"refreshSupport":true},"inlayHint":{"refreshSupport":true},"inlineValue":{"refreshSupport":true},"semanticTokens":{"refreshSupport":true},"symbol":{"dynamicRegistration":true,"resolveSupport":{"properties":["location.range"]},"symbolKind":{"valueSet":[1,2,3,4,5,6,7,8,9,10,11,12,13,14,15,16,17,18,19,20,21,22,23,24,25,26]},"tagSupport":{"valueSet":[1]}},"workspaceEdit":{"changeAnnotationSupport":{"groupsOnLabel":true},"documentChanges":true,"failureHandling":"textOnlyTransactional","normalizesLineEndings":true,"resourceOperations":["create","rename","delete"]}}},"clientInfo":{"name":"Visual Studio Code","version":"1.104.0"},"locale":"en","processId":17980,"rootPath":"c:\\Dev\\playwright-bug","rootUri":"file:///c%!A(MISSING)/Dev/playwright-bug","trace":"off","workspaceFolders":[{"name":"playwright-bug","uri":"file:///c%!A(MISSING)/Dev/playwright-bug"}]}
30-12-2025 15:11:35.380 [Gauge] [DEBUG] jsonrpc2: <-- result #0: initialize: {"capabilities":{"textDocumentSync":1,"completionProvider":{"resolveProvider":true,"triggerCharacters":["*","* ","\"","\u003c",":",","]},"definitionProvider":true,"documentSymbolProvider":true,"workspaceSymbolProvider":true,"codeActionProvider":true,"codeLensProvider":{},"documentFormattingProvider":true,"renameProvider":true}}
30-12-2025 15:11:36.784 [Gauge] [DEBUG] jsonrpc2: --> notif: initialized: {}
30-12-2025 15:11:36.789 [Gauge] [DEBUG] jsonrpc2: <-- request #0: client/registerCapability: {"registrations":[{"id":"gauge-fileWatcher","method":"workspace/didChangeWatchedFiles","registerOptions":{"watchers":[{"globPattern":"c:/Dev/playwright-bug/**/*{.spec,.md,.cpt}","kind":5}]}}]}
30-12-2025 15:11:37.652 [Gauge] [DEBUG] jsonrpc2: --> notif: workspace/didChangeConfiguration: {"settings":{"gauge":{"codeLenses":{"reference":true},"create":{"specification":{"withHelp":true}},"execution":{"debugPort":9229},"formatting":{"skipEmptyLineInsertions":false},"launch":{"enableDebugLogs":true},"recommendedSettings":{"options":"Apply \u0026 Reload"},"semanticTokenColors":{"argument":"#ae81ff","comment":"#cccccc","disabledStep":"#228549","scenario":"#66d9ef","specification":"#66d9ef","step":"#a6e22e","stepMarker":"#ffffff","table":"#ae81ff","tableBorder":"#8349f0","tableHeaderSeparator":"#8349f0","tagKeyword":"#ff4689","tagValue":"#fc88b2"},"specExplorer":{"enabled":true},"welcomeNotification":{"showOn":"never"}}}}
30-12-2025 15:11:37.661 [Gauge] [DEBUG] notif #0: workspace/didChangeConfiguration: Updated settings.
30-12-2025 15:11:37.661 [Gauge] [DEBUG] jsonrpc2: <-- notif: window/logMessage: {"type":4,"message":"notif #0: workspace/didChangeConfiguration: Updated settings."}
30-12-2025 15:11:38.675 [Gauge] [DEBUG] jsonrpc2: --> request #1: gauge/getRunnerLanguage: null
30-12-2025 15:11:38.697 [Gauge] [DEBUG] jsonrpc2: <-- result #1: gauge/getRunnerLanguage: ""
30-12-2025 15:11:38.826 [Gauge] [DEBUG] jsonrpc2: --> result #0: client/registerCapability: null
30-12-2025 15:11:38.859 [Gauge] [ERROR] notif #0: initialized: current runner is not compatible with gauge LSP
30-12-2025 15:11:38.859 [Gauge] [DEBUG] jsonrpc2: <-- notif: window/logMessage: {"type":1,"message":"notif #0: initialized: current runner is not compatible with gauge LSP"}
30-12-2025 15:11:38.900 [Gauge] [DEBUG] jsonrpc2: <-- notif: textDocument/publishDiagnostics: {"uri":"file:///c%!A(MISSING)/Dev/playwright-bug/specs/example.spec","diagnostics":[]}
30-12-2025 15:12:20.643 [Gauge] [DEBUG] jsonrpc2: --> notif: workspace/didChangeWatchedFiles: {"changes":[{"type":1,"uri":"file:///c%!A(MISSING)/Dev/playwright-bug/bin/Debug/net8.0/.playwright/package/README.md"}]}
30-12-2025 15:12:20.857 [Gauge] [DEBUG] jsonrpc2: <-- notif: textDocument/publishDiagnostics: {"uri":"file:///c%!A(MISSING)/Dev/playwright-bug/specs/example.spec","diagnostics":[]}
30-12-2025 15:12:27.128 [Gauge] [DEBUG] jsonrpc2: --> notif: textDocument/didOpen: {"textDocument":{"languageId":"gauge","text":"# Specification Heading\n\nThis is an executable specification file. This file follows markdown syntax.\nEvery heading in this file denotes a scenario. Every bulleted point denotes a step.\n\nTo execute this specification, run\n\n    gauge run specs\n\n\n* Vowels in English language are \"aeiou\".\n\n## Vowel counts in single word\n\ntags: single word\n\n* The word \"gauge\" has \"3\" vowels.\n\n## Vowel counts in multiple word\n\nThis is the second scenario in this specification\n\nHere's a step that takes a table\n\n* Almost all words have vowels\n\n   |Word  |Vowel Count|\n   |------|-----------|\n   |Gauge |3          |\n   |Mingle|2          |\n   |Snap  |1          |\n   |GoCD  |1          |\n   |Rhythm|0          |\n","uri":"file:///c%!A(MISSING)/Dev/playwright-bug/specs/example.spec","version":1}}
30-12-2025 15:12:27.140 [Gauge] [DEBUG] jsonrpc2: <-- notif: textDocument/publishDiagnostics: {"uri":"file:///c%!A(MISSING)/Dev/playwright-bug/specs/example.spec","diagnostics":[]}
30-12-2025 15:12:27.187 [Gauge] [DEBUG] jsonrpc2: --> request #2: textDocument/codeAction: {"context":{"diagnostics":[],"triggerKind":2},"range":{"end":{"character":0,"line":0},"start":{"character":0,"line":0}},"textDocument":{"uri":"file:///c%!A(MISSING)/Dev/playwright-bug/specs/example.spec"}}
30-12-2025 15:12:27.188 [Gauge] [DEBUG] jsonrpc2: --> request #3: textDocument/documentSymbol: {"textDocument":{"uri":"file:///c%!A(MISSING)/Dev/playwright-bug/specs/example.spec"}}
30-12-2025 15:12:27.201 [Gauge] [DEBUG] jsonrpc2: <-- result #2: textDocument/codeAction: null
30-12-2025 15:12:27.201 [Gauge] [DEBUG] jsonrpc2: <-- result #3: textDocument/documentSymbol: [{"name":"# Specification Heading","kind":3,"location":{"uri":"file:///c%!A(MISSING)/Dev/playwright-bug/specs/example.spec","range":{"start":{"line":0,"character":0},"end":{"line":0,"character":21}}}},{"name":"## Vowel counts in single word","kind":3,"location":{"uri":"file:///c%!A(MISSING)/Dev/playwright-bug/specs/example.spec","range":{"start":{"line":12,"character":0},"end":{"line":12,"character":27}}}},{"name":"## Vowel counts in multiple word","kind":3,"location":{"uri":"file:///c%!A(MISSING)/Dev/playwright-bug/specs/example.spec","range":{"start":{"line":18,"character":0},"end":{"line":18,"character":29}}}}]
30-12-2025 15:12:27.424 [Gauge] [DEBUG] jsonrpc2: --> request #4: textDocument/codeLens: {"textDocument":{"uri":"file:///c%!A(MISSING)/Dev/playwright-bug/specs/example.spec"}}
30-12-2025 15:12:27.458 [Gauge] [DEBUG] jsonrpc2: <-- result #4: textDocument/codeLens: [{"range":{"start":{"line":12,"character":0},"end":{"line":12,"character":12}},"command":{"title":"Run Scenario","command":"gauge.execute","arguments":["c:\\Dev\\playwright-bug\\specs\\example.spec:13"]}},{"range":{"start":{"line":18,"character":0},"end":{"line":18,"character":12}},"command":{"title":"Run Scenario","command":"gauge.execute","arguments":["c:\\Dev\\playwright-bug\\specs\\example.spec:19"]}},{"range":{"start":{"line":0,"character":0},"end":{"line":0,"character":8}},"command":{"title":"Run Spec","command":"gauge.execute","arguments":["c:\\Dev\\playwright-bug\\specs\\example.spec"]}}]
30-12-2025 15:12:27.685 [Gauge] [DEBUG] jsonrpc2: --> request #5: textDocument/documentSymbol: {"textDocument":{"uri":"file:///c%!A(MISSING)/Dev/playwright-bug/specs/example.spec"}}
30-12-2025 15:12:27.757 [Gauge] [DEBUG] jsonrpc2: <-- result #5: textDocument/documentSymbol: [{"name":"# Specification Heading","kind":3,"location":{"uri":"file:///c%!A(MISSING)/Dev/playwright-bug/specs/example.spec","range":{"start":{"line":0,"character":0},"end":{"line":0,"character":21}}}},{"name":"## Vowel counts in single word","kind":3,"location":{"uri":"file:///c%!A(MISSING)/Dev/playwright-bug/specs/example.spec","range":{"start":{"line":12,"character":0},"end":{"line":12,"character":27}}}},{"name":"## Vowel counts in multiple word","kind":3,"location":{"uri":"file:///c%!A(MISSING)/Dev/playwright-bug/specs/example.spec","range":{"start":{"line":18,"character":0},"end":{"line":18,"character":29}}}}]
30-12-2025 15:12:31.454 [Gauge] [DEBUG] jsonrpc2: --> request #6: shutdown: null
30-12-2025 15:12:31.456 [Gauge] [DEBUG] jsonrpc2: <-- result #6: shutdown: null
30-12-2025 15:12:31.460 [Gauge] [DEBUG] jsonrpc2: --> notif: exit: null
30-12-2025 15:12:31.462 [Gauge] [INFO] Connection closed
30-12-2025 15:12:44.783 [Gauge] [INFO] Initializing concepts cache with 0 concepts
30-12-2025 15:12:44.787 [Gauge] [INFO] Initializing specs cache with 1 specs
30-12-2025 15:12:44.787 [Gauge] [DEBUG] Adding specs from c:\Dev\playwright-bug\specs\example.spec
30-12-2025 15:12:44.787 [Gauge] [INFO] Initializing steps cache with 1 steps
30-12-2025 15:12:44.791 [Gauge] [INFO] Starting language runner
30-12-2025 15:12:44.804 [Gauge] [DEBUG] Watching directory: c:\Dev\playwright-bug\specs
30-12-2025 15:12:44.804 [Gauge] [DEBUG] Found 1 files
30-12-2025 15:12:52.034 [dotnet] [INFO] Workload updates are available. Run `dotnet workload list` for more information.
30-12-2025 15:12:52.290 [dotnet] [DEBUG] Loading assembly from : c:\Dev\playwright-bug\gauge_bin\dotnet-template.dll
30-12-2025 15:12:52.644 [dotnet] [DEBUG] Try load Gauge.CSharp.Lib in LockFreeGaugeLoadContext
30-12-2025 15:12:52.690 [dotnet] [DEBUG] Try load dotnet-template in LockFreeGaugeLoadContext
30-12-2025 15:12:52.690 [dotnet] [DEBUG] Try load System.Runtime in LockFreeGaugeLoadContext
30-12-2025 15:12:52.690 [dotnet] [DEBUG] Try load System.Collections in LockFreeGaugeLoadContext
30-12-2025 15:12:52.690 [dotnet] [DEBUG] Try load Shouldly in LockFreeGaugeLoadContext
30-12-2025 15:12:52.690 [dotnet] [DEBUG] Try load System.Linq in LockFreeGaugeLoadContext
30-12-2025 15:12:52.690 [dotnet] [DEBUG] Try load System.Runtime in LockFreeGaugeLoadContext
30-12-2025 15:12:52.690 [dotnet] [DEBUG] Number of AssembliesReferencingGaugeLib : 1
30-12-2025 15:12:52.690 [dotnet] [DEBUG] Try load System.Runtime in LockFreeGaugeLoadContext
30-12-2025 15:12:52.690 [dotnet] [DEBUG] Try load System.Collections in LockFreeGaugeLoadContext
30-12-2025 15:12:52.690 [dotnet] [DEBUG] Building StepRegistry...
30-12-2025 15:12:52.690 [dotnet] [DEBUG] 3 Step implementations found. Adding to registry...
30-12-2025 15:12:52.690 [dotnet] [DEBUG] 'Vowels in English language are {}.': implementation found in StepRegistry, setting reflected methodInfo
30-12-2025 15:12:52.690 [dotnet] [DEBUG] 'The word {} has {} vowels.': implementation found in StepRegistry, setting reflected methodInfo
30-12-2025 15:12:52.690 [dotnet] [DEBUG] 'Almost all words have vowels {}': implementation found in StepRegistry, setting reflected methodInfo
30-12-2025 15:12:52.690 [dotnet] [DEBUG] Building StepRegistry...
30-12-2025 15:12:52.690 [dotnet] [DEBUG] 3 Step implementations found. Adding to registry...
30-12-2025 15:12:52.690 [dotnet] [DEBUG] 'Vowels in English language are {}.': implementation found in StepRegistry, setting reflected methodInfo
30-12-2025 15:12:52.690 [dotnet] [DEBUG] 'The word {} has {} vowels.': implementation found in StepRegistry, setting reflected methodInfo
30-12-2025 15:12:52.690 [dotnet] [DEBUG] 'Almost all words have vowels {}': implementation found in StepRegistry, setting reflected methodInfo
30-12-2025 15:12:52.774 [Gauge] [DEBUG] Attempting to connect to grpc server at port: 54685
30-12-2025 15:12:52.774 [Gauge] [DEBUG] Successfully made the connection with runner with port: 54685
30-12-2025 15:12:52.774 [Gauge] [INFO] LangServer: reading on stdin, writing on stdout
30-12-2025 15:12:52.774 [Gauge] [DEBUG] jsonrpc2: --> request #0: initialize: {"capabilities":{"general":{"markdown":{"parser":"marked","version":"1.1.0"},"positionEncodings":["utf-16"],"regularExpressions":{"engine":"ECMAScript","version":"ES2020"},"staleRequestSupport":{"cancel":true,"retryOnContentModified":["textDocument/semanticTokens/full","textDocument/semanticTokens/range","textDocument/semanticTokens/full/delta"]}},"notebookDocument":{"synchronization":{"dynamicRegistration":true,"executionSummarySupport":true}},"saveFiles":true,"textDocument":{"callHierarchy":{"dynamicRegistration":true},"codeAction":{"codeActionLiteralSupport":{"codeActionKind":{"valueSet":["","quickfix","refactor","refactor.extract","refactor.inline","refactor.rewrite","source","source.organizeImports"]}},"dataSupport":true,"disabledSupport":true,"dynamicRegistration":true,"honorsChangeAnnotations":true,"isPreferredSupport":true,"resolveSupport":{"properties":["edit"]}},"codeLens":{"dynamicRegistration":true},"colorProvider":{"dynamicRegistration":true},"completion":{"completionItem":{"commitCharactersSupport":true,"deprecatedSupport":true,"documentationFormat":["markdown","plaintext"],"insertReplaceSupport":true,"insertTextModeSupport":{"valueSet":[1,2]},"labelDetailsSupport":true,"preselectSupport":true,"resolveSupport":{"properties":["documentation","detail","additionalTextEdits"]},"snippetSupport":true,"tagSupport":{"valueSet":[1]}},"completionItemKind":{"valueSet":[1,2,3,4,5,6,7,8,9,10,11,12,13,14,15,16,17,18,19,20,21,22,23,24,25]},"completionList":{"itemDefaults":["commitCharacters","editRange","insertTextFormat","insertTextMode","data"]},"contextSupport":true,"dynamicRegistration":true,"insertTextMode":2},"declaration":{"dynamicRegistration":true,"linkSupport":true},"definition":{"dynamicRegistration":true,"linkSupport":true},"diagnostic":{"dynamicRegistration":true,"relatedDocumentSupport":false},"documentHighlight":{"dynamicRegistration":true},"documentLink":{"dynamicRegistration":true,"tooltipSupport":true},"documentSymbol":{"dynamicRegistration":true,"hierarchicalDocumentSymbolSupport":true,"labelSupport":true,"symbolKind":{"valueSet":[1,2,3,4,5,6,7,8,9,10,11,12,13,14,15,16,17,18,19,20,21,22,23,24,25,26]},"tagSupport":{"valueSet":[1]}},"foldingRange":{"dynamicRegistration":true,"foldingRange":{"collapsedText":false},"foldingRangeKind":{"valueSet":["comment","imports","region"]},"lineFoldingOnly":true,"rangeLimit":5000},"formatting":{"dynamicRegistration":true},"hover":{"contentFormat":["markdown","plaintext"],"dynamicRegistration":true},"implementation":{"dynamicRegistration":true,"linkSupport":true},"inlayHint":{"dynamicRegistration":true,"resolveSupport":{"properties":["tooltip","textEdits","label.tooltip","label.location","label.command"]}},"inlineValue":{"dynamicRegistration":true},"linkedEditingRange":{"dynamicRegistration":true},"onTypeFormatting":{"dynamicRegistration":true},"publishDiagnostics":{"codeDescriptionSupport":true,"dataSupport":true,"relatedInformation":true,"tagSupport":{"valueSet":[1,2]},"versionSupport":false},"rangeFormatting":{"dynamicRegistration":true,"rangesSupport":true},"references":{"dynamicRegistration":true},"rename":{"dynamicRegistration":true,"honorsChangeAnnotations":true,"prepareSupport":true,"prepareSupportDefaultBehavior":1},"selectionRange":{"dynamicRegistration":true},"semanticTokens":{"augmentsSyntaxTokens":true,"dynamicRegistration":true,"formats":["relative"],"multilineTokenSupport":false,"overlappingTokenSupport":false,"requests":{"full":{"delta":true},"range":true},"serverCancelSupport":true,"tokenModifiers":["declaration","definition","readonly","static","deprecated","abstract","async","modification","documentation","defaultLibrary"],"tokenTypes":["namespace","type","class","enum","interface","struct","typeParameter","parameter","variable","property","enumMember","event","function","method","macro","keyword","modifier","comment","string","number","regexp","operator","decorator"]},"signatureHelp":{"contextSupport":true,"dynamicRegistration":true,"signatureInformation":{"activeParameterSupport":true,"documentationFormat":["markdown","plaintext"],"parameterInformation":{"labelOffsetSupport":true}}},"synchronization":{"didSave":true,"dynamicRegistration":true,"willSave":true,"willSaveWaitUntil":true},"typeDefinition":{"dynamicRegistration":true,"linkSupport":true},"typeHierarchy":{"dynamicRegistration":true}},"window":{"showDocument":{"support":true},"showMessage":{"messageActionItem":{"additionalPropertiesSupport":true}},"workDoneProgress":true},"workspace":{"applyEdit":true,"codeLens":{"refreshSupport":true},"configuration":true,"diagnostics":{"refreshSupport":true},"didChangeConfiguration":{"dynamicRegistration":true},"didChangeWatchedFiles":{"dynamicRegistration":true,"relativePatternSupport":true},"executeCommand":{"dynamicRegistration":true},"fileOperations":{"didCreate":true,"didDelete":true,"didRename":true,"dynamicRegistration":true,"willCreate":true,"willDelete":true,"willRename":true},"foldingRange":{"refreshSupport":true},"inlayHint":{"refreshSupport":true},"inlineValue":{"refreshSupport":true},"semanticTokens":{"refreshSupport":true},"symbol":{"dynamicRegistration":true,"resolveSupport":{"properties":["location.range"]},"symbolKind":{"valueSet":[1,2,3,4,5,6,7,8,9,10,11,12,13,14,15,16,17,18,19,20,21,22,23,24,25,26]},"tagSupport":{"valueSet":[1]}},"workspaceEdit":{"changeAnnotationSupport":{"groupsOnLabel":true},"documentChanges":true,"failureHandling":"textOnlyTransactional","normalizesLineEndings":true,"resourceOperations":["create","rename","delete"]}}},"clientInfo":{"name":"Visual Studio Code","version":"1.104.0"},"locale":"en","processId":9184,"rootPath":"c:\\Dev\\playwright-bug","rootUri":"file:///c%!A(MISSING)/Dev/playwright-bug","trace":"off","workspaceFolders":[{"name":"playwright-bug","uri":"file:///c%!A(MISSING)/Dev/playwright-bug"}]}
30-12-2025 15:12:52.778 [Gauge] [DEBUG] jsonrpc2: <-- result #0: initialize: {"capabilities":{"textDocumentSync":1,"completionProvider":{"resolveProvider":true,"triggerCharacters":["*","* ","\"","\u003c",":",","]},"definitionProvider":true,"documentSymbolProvider":true,"workspaceSymbolProvider":true,"codeActionProvider":true,"codeLensProvider":{},"documentFormattingProvider":true,"renameProvider":true}}
30-12-2025 15:12:56.733 [Gauge] [DEBUG] jsonrpc2: --> notif: initialized: {}
30-12-2025 15:12:56.743 [Gauge] [DEBUG] jsonrpc2: <-- request #0: client/registerCapability: {"registrations":[{"id":"gauge-fileWatcher","method":"workspace/didChangeWatchedFiles","registerOptions":{"watchers":[{"globPattern":"c:/Dev/playwright-bug/**/*{.spec,.md,.cpt}","kind":5}]}}]}
30-12-2025 15:12:57.133 [Gauge] [DEBUG] jsonrpc2: --> notif: textDocument/didOpen: {"textDocument":{"languageId":"gauge","text":"# Specification Heading\n\nThis is an executable specification file. This file follows markdown syntax.\nEvery heading in this file denotes a scenario. Every bulleted point denotes a step.\n\nTo execute this specification, run\n\n    gauge run specs\n\n\n* Vowels in English language are \"aeiou\".\n\n## Vowel counts in single word\n\ntags: single word\n\n* The word \"gauge\" has \"3\" vowels.\n\n## Vowel counts in multiple word\n\nThis is the second scenario in this specification\n\nHere's a step that takes a table\n\n* Almost all words have vowels\n\n   |Word  |Vowel Count|\n   |------|-----------|\n   |Gauge |3          |\n   |Mingle|2          |\n   |Snap  |1          |\n   |GoCD  |1          |\n   |Rhythm|0          |\n","uri":"file:///c%!A(MISSING)/Dev/playwright-bug/specs/example.spec","version":1}}
30-12-2025 15:12:57.139 [Gauge] [DEBUG] Validation started.
30-12-2025 15:12:57.286 [Gauge] [DEBUG] Validation completed.
30-12-2025 15:12:57.286 [Gauge] [DEBUG] jsonrpc2: <-- notif: textDocument/publishDiagnostics: {"uri":"file:///c%!A(MISSING)/Dev/playwright-bug/specs/example.spec","diagnostics":[]}
30-12-2025 15:12:57.773 [Gauge] [DEBUG] jsonrpc2: --> notif: workspace/didChangeConfiguration: {"settings":{"gauge":{"codeLenses":{"reference":true},"create":{"specification":{"withHelp":true}},"execution":{"debugPort":9229},"formatting":{"skipEmptyLineInsertions":false},"launch":{"enableDebugLogs":true},"recommendedSettings":{"options":"Apply \u0026 Reload"},"semanticTokenColors":{"argument":"#ae81ff","comment":"#cccccc","disabledStep":"#228549","scenario":"#66d9ef","specification":"#66d9ef","step":"#a6e22e","stepMarker":"#ffffff","table":"#ae81ff","tableBorder":"#8349f0","tableHeaderSeparator":"#8349f0","tagKeyword":"#ff4689","tagValue":"#fc88b2"},"specExplorer":{"enabled":true},"welcomeNotification":{"showOn":"never"}}}}
30-12-2025 15:12:57.784 [Gauge] [DEBUG] notif #0: workspace/didChangeConfiguration: Updated settings.
30-12-2025 15:12:57.784 [Gauge] [DEBUG] jsonrpc2: <-- notif: window/logMessage: {"type":4,"message":"notif #0: workspace/didChangeConfiguration: Updated settings."}
30-12-2025 15:12:57.889 [Gauge] [DEBUG] jsonrpc2: --> request #1: gauge/getRunnerLanguage: null
30-12-2025 15:12:57.934 [Gauge] [DEBUG] jsonrpc2: <-- result #1: gauge/getRunnerLanguage: "csharp"
30-12-2025 15:12:58.101 [Gauge] [DEBUG] jsonrpc2: --> result #0: client/registerCapability: null
30-12-2025 15:12:58.147 [Gauge] [DEBUG] jsonrpc2: --> request #2: textDocument/documentSymbol: {"textDocument":{"uri":"file:///c%!A(MISSING)/Dev/playwright-bug/specs/example.spec"}}
30-12-2025 15:12:58.148 [Gauge] [DEBUG] jsonrpc2: --> request #3: textDocument/codeAction: {"context":{"diagnostics":[],"triggerKind":2},"range":{"end":{"character":0,"line":0},"start":{"character":0,"line":0}},"textDocument":{"uri":"file:///c%!A(MISSING)/Dev/playwright-bug/specs/example.spec"}}
30-12-2025 15:12:58.148 [Gauge] [DEBUG] jsonrpc2: --> request #4: textDocument/codeLens: {"textDocument":{"uri":"file:///c%!A(MISSING)/Dev/playwright-bug/specs/example.spec"}}
30-12-2025 15:12:58.148 [Gauge] [DEBUG] jsonrpc2: --> request #5: textDocument/documentSymbol: {"textDocument":{"uri":"file:///c%!A(MISSING)/Dev/playwright-bug/specs/example.spec"}}
30-12-2025 15:12:58.177 [Gauge] [DEBUG] jsonrpc2: <-- result #3: textDocument/codeAction: null
30-12-2025 15:12:58.178 [Gauge] [DEBUG] jsonrpc2: <-- result #2: textDocument/documentSymbol: [{"name":"# Specification Heading","kind":3,"location":{"uri":"file:///c%!A(MISSING)/Dev/playwright-bug/specs/example.spec","range":{"start":{"line":0,"character":0},"end":{"line":0,"character":21}}}},{"name":"## Vowel counts in single word","kind":3,"location":{"uri":"file:///c%!A(MISSING)/Dev/playwright-bug/specs/example.spec","range":{"start":{"line":12,"character":0},"end":{"line":12,"character":27}}}},{"name":"## Vowel counts in multiple word","kind":3,"location":{"uri":"file:///c%!A(MISSING)/Dev/playwright-bug/specs/example.spec","range":{"start":{"line":18,"character":0},"end":{"line":18,"character":29}}}}]
30-12-2025 15:12:58.178 [Gauge] [DEBUG] jsonrpc2: <-- result #4: textDocument/codeLens: [{"range":{"start":{"line":12,"character":0},"end":{"line":12,"character":12}},"command":{"title":"Run Scenario","command":"gauge.execute","arguments":["c:\\Dev\\playwright-bug\\specs\\example.spec:13"]}},{"range":{"start":{"line":12,"character":0},"end":{"line":12,"character":14}},"command":{"title":"Debug Scenario","command":"gauge.debug","arguments":["c:\\Dev\\playwright-bug\\specs\\example.spec:13"]}},{"range":{"start":{"line":18,"character":0},"end":{"line":18,"character":12}},"command":{"title":"Run Scenario","command":"gauge.execute","arguments":["c:\\Dev\\playwright-bug\\specs\\example.spec:19"]}},{"range":{"start":{"line":18,"character":0},"end":{"line":18,"character":14}},"command":{"title":"Debug Scenario","command":"gauge.debug","arguments":["c:\\Dev\\playwright-bug\\specs\\example.spec:19"]}},{"range":{"start":{"line":0,"character":0},"end":{"line":0,"character":8}},"command":{"title":"Run Spec","command":"gauge.execute","arguments":["c:\\Dev\\playwright-bug\\specs\\example.spec"]}},{"range":{"start":{"line":0,"character":0},"end":{"line":0,"character":10}},"command":{"title":"Debug Spec","command":"gauge.debug","arguments":["c:\\Dev\\playwright-bug\\specs\\example.spec"]}}]
30-12-2025 15:12:58.179 [Gauge] [DEBUG] jsonrpc2: <-- result #5: textDocument/documentSymbol: [{"name":"# Specification Heading","kind":3,"location":{"uri":"file:///c%!A(MISSING)/Dev/playwright-bug/specs/example.spec","range":{"start":{"line":0,"character":0},"end":{"line":0,"character":21}}}},{"name":"## Vowel counts in single word","kind":3,"location":{"uri":"file:///c%!A(MISSING)/Dev/playwright-bug/specs/example.spec","range":{"start":{"line":12,"character":0},"end":{"line":12,"character":27}}}},{"name":"## Vowel counts in multiple word","kind":3,"location":{"uri":"file:///c%!A(MISSING)/Dev/playwright-bug/specs/example.spec","range":{"start":{"line":18,"character":0},"end":{"line":18,"character":29}}}}]
30-12-2025 15:12:58.190 [Gauge] [DEBUG] jsonrpc2: <-- request #1: client/registerCapability: {"registrations":[{"id":"gauge-runner-didOpen","method":"textDocument/didOpen","registerOptions":{"documentSelector":[{"scheme":"file","language":"csharp","pattern":"c:\\Dev\\playwright-bug/**/*.cs"}]}},{"id":"gauge-runner-didClose","method":"textDocument/didClose","registerOptions":{"documentSelector":[{"scheme":"file","language":"csharp","pattern":"c:\\Dev\\playwright-bug/**/*.cs"}]}},{"id":"gauge-runner-didChange","method":"textDocument/didChange","registerOptions":{"documentSelector":[{"scheme":"file","language":"csharp","pattern":"c:\\Dev\\playwright-bug/**/*.cs"}],"syncKind":1}},{"id":"gauge-runner-fileWatcher","method":"workspace/didChangeWatchedFiles","registerOptions":{"watchers":[{"globPattern":"c:\\Dev\\playwright-bug/**/*.cs","kind":5}]}},{"id":"gauge-runner-codelens","method":"textDocument/codeLens","registerOptions":{"documentSelector":[{"scheme":"file","language":"csharp","pattern":"c:\\Dev\\playwright-bug/**/*.cs"}]}}]}
30-12-2025 15:12:58.214 [Gauge] [DEBUG] jsonrpc2: --> result #1: client/registerCapability: null
30-12-2025 15:12:58.310 [Gauge] [DEBUG] Validation started.
30-12-2025 15:12:58.353 [Gauge] [DEBUG] Validation completed.
30-12-2025 15:12:58.353 [Gauge] [DEBUG] jsonrpc2: <-- notif: textDocument/publishDiagnostics: {"uri":"file:///c%!A(MISSING)/Dev/playwright-bug/specs/example.spec","diagnostics":[]}
30-12-2025 15:12:59.769 [Gauge] [DEBUG] jsonrpc2: --> request #6: textDocument/codeAction: {"context":{"diagnostics":[],"triggerKind":2},"range":{"end":{"character":0,"line":0},"start":{"character":0,"line":0}},"textDocument":{"uri":"file:///c%!A(MISSING)/Dev/playwright-bug/specs/example.spec"}}
30-12-2025 15:12:59.805 [Gauge] [DEBUG] jsonrpc2: <-- result #6: textDocument/codeAction: null
30-12-2025 15:12:59.871 [Gauge] [DEBUG] jsonrpc2: --> request #7: textDocument/codeAction: {"context":{"diagnostics":[],"triggerKind":2},"range":{"end":{"character":0,"line":0},"start":{"character":0,"line":0}},"textDocument":{"uri":"file:///c%!A(MISSING)/Dev/playwright-bug/specs/example.spec"}}
30-12-2025 15:12:59.872 [Gauge] [DEBUG] jsonrpc2: --> request #8: textDocument/codeLens: {"textDocument":{"uri":"file:///c%!A(MISSING)/Dev/playwright-bug/specs/example.spec"}}
30-12-2025 15:12:59.872 [Gauge] [DEBUG] jsonrpc2: --> request #9: textDocument/codeAction: {"context":{"diagnostics":[],"triggerKind":2},"range":{"end":{"character":0,"line":0},"start":{"character":0,"line":0}},"textDocument":{"uri":"file:///c%!A(MISSING)/Dev/playwright-bug/specs/example.spec"}}
30-12-2025 15:12:59.872 [Gauge] [DEBUG] jsonrpc2: --> notif: $/cancelRequest: {"id":6}
30-12-2025 15:12:59.872 [Gauge] [DEBUG] jsonrpc2: --> notif: $/cancelRequest: {"id":7}
30-12-2025 15:12:59.899 [Gauge] [DEBUG] jsonrpc2: <-- result #8: textDocument/codeLens: [{"range":{"start":{"line":12,"character":0},"end":{"line":12,"character":12}},"command":{"title":"Run Scenario","command":"gauge.execute","arguments":["c:\\Dev\\playwright-bug\\specs\\example.spec:13"]}},{"range":{"start":{"line":12,"character":0},"end":{"line":12,"character":14}},"command":{"title":"Debug Scenario","command":"gauge.debug","arguments":["c:\\Dev\\playwright-bug\\specs\\example.spec:13"]}},{"range":{"start":{"line":18,"character":0},"end":{"line":18,"character":12}},"command":{"title":"Run Scenario","command":"gauge.execute","arguments":["c:\\Dev\\playwright-bug\\specs\\example.spec:19"]}},{"range":{"start":{"line":18,"character":0},"end":{"line":18,"character":14}},"command":{"title":"Debug Scenario","command":"gauge.debug","arguments":["c:\\Dev\\playwright-bug\\specs\\example.spec:19"]}},{"range":{"start":{"line":0,"character":0},"end":{"line":0,"character":8}},"command":{"title":"Run Spec","command":"gauge.execute","arguments":["c:\\Dev\\playwright-bug\\specs\\example.spec"]}},{"range":{"start":{"line":0,"character":0},"end":{"line":0,"character":10}},"command":{"title":"Debug Spec","command":"gauge.debug","arguments":["c:\\Dev\\playwright-bug\\specs\\example.spec"]}}]
30-12-2025 15:12:59.899 [Gauge] [DEBUG] jsonrpc2: <-- result #7: textDocument/codeAction: null
30-12-2025 15:12:59.899 [Gauge] [DEBUG] jsonrpc2: <-- result #9: textDocument/codeAction: null
30-12-2025 15:13:02.609 [Gauge] [DEBUG] jsonrpc2: --> request #10: textDocument/codeAction: {"context":{"diagnostics":[],"triggerKind":2},"range":{"end":{"character":0,"line":0},"start":{"character":0,"line":0}},"textDocument":{"uri":"file:///c%!A(MISSING)/Dev/playwright-bug/specs/example.spec"}}
30-12-2025 15:13:02.609 [Gauge] [DEBUG] jsonrpc2: --> notif: $/cancelRequest: {"id":10}
30-12-2025 15:13:02.609 [Gauge] [DEBUG] jsonrpc2: --> request #11: textDocument/codeAction: {"context":{"diagnostics":[],"triggerKind":2},"range":{"end":{"character":0,"line":0},"start":{"character":0,"line":0}},"textDocument":{"uri":"file:///c%!A(MISSING)/Dev/playwright-bug/specs/example.spec"}}
30-12-2025 15:13:02.646 [Gauge] [DEBUG] jsonrpc2: <-- result #10: textDocument/codeAction: null
30-12-2025 15:13:02.646 [Gauge] [DEBUG] jsonrpc2: <-- result #11: textDocument/codeAction: null
30-12-2025 15:13:02.813 [Gauge] [DEBUG] jsonrpc2: --> request #12: textDocument/documentSymbol: {"textDocument":{"uri":"file:///c%!A(MISSING)/Dev/playwright-bug/specs/example.spec"}}
30-12-2025 15:13:02.854 [Gauge] [DEBUG] jsonrpc2: <-- result #12: textDocument/documentSymbol: [{"name":"# Specification Heading","kind":3,"location":{"uri":"file:///c%!A(MISSING)/Dev/playwright-bug/specs/example.spec","range":{"start":{"line":0,"character":0},"end":{"line":0,"character":21}}}},{"name":"## Vowel counts in single word","kind":3,"location":{"uri":"file:///c%!A(MISSING)/Dev/playwright-bug/specs/example.spec","range":{"start":{"line":12,"character":0},"end":{"line":12,"character":27}}}},{"name":"## Vowel counts in multiple word","kind":3,"location":{"uri":"file:///c%!A(MISSING)/Dev/playwright-bug/specs/example.spec","range":{"start":{"line":18,"character":0},"end":{"line":18,"character":29}}}}]
30-12-2025 15:13:03.077 [Gauge] [DEBUG] jsonrpc2: --> request #13: textDocument/codeLens: {"textDocument":{"uri":"file:///c%!A(MISSING)/Dev/playwright-bug/specs/example.spec"}}
30-12-2025 15:13:03.093 [Gauge] [DEBUG] jsonrpc2: <-- result #13: textDocument/codeLens: [{"range":{"start":{"line":12,"character":0},"end":{"line":12,"character":12}},"command":{"title":"Run Scenario","command":"gauge.execute","arguments":["c:\\Dev\\playwright-bug\\specs\\example.spec:13"]}},{"range":{"start":{"line":12,"character":0},"end":{"line":12,"character":14}},"command":{"title":"Debug Scenario","command":"gauge.debug","arguments":["c:\\Dev\\playwright-bug\\specs\\example.spec:13"]}},{"range":{"start":{"line":18,"character":0},"end":{"line":18,"character":12}},"command":{"title":"Run Scenario","command":"gauge.execute","arguments":["c:\\Dev\\playwright-bug\\specs\\example.spec:19"]}},{"range":{"start":{"line":18,"character":0},"end":{"line":18,"character":14}},"command":{"title":"Debug Scenario","command":"gauge.debug","arguments":["c:\\Dev\\playwright-bug\\specs\\example.spec:19"]}},{"range":{"start":{"line":0,"character":0},"end":{"line":0,"character":8}},"command":{"title":"Run Spec","command":"gauge.execute","arguments":["c:\\Dev\\playwright-bug\\specs\\example.spec"]}},{"range":{"start":{"line":0,"character":0},"end":{"line":0,"character":10}},"command":{"title":"Debug Spec","command":"gauge.debug","arguments":["c:\\Dev\\playwright-bug\\specs\\example.spec"]}}]
30-12-2025 15:13:03.245 [Gauge] [DEBUG] jsonrpc2: --> request #14: textDocument/codeAction: {"context":{"diagnostics":[],"triggerKind":2},"range":{"end":{"character":0,"line":0},"start":{"character":0,"line":0}},"textDocument":{"uri":"file:///c%!A(MISSING)/Dev/playwright-bug/specs/example.spec"}}
30-12-2025 15:13:03.252 [Gauge] [DEBUG] jsonrpc2: <-- result #14: textDocument/codeAction: null
30-12-2025 15:13:03.546 [Gauge] [DEBUG] jsonrpc2: --> request #15: textDocument/documentSymbol: {"textDocument":{"uri":"file:///c%!A(MISSING)/Dev/playwright-bug/specs/example.spec"}}
30-12-2025 15:13:03.558 [Gauge] [DEBUG] jsonrpc2: <-- result #15: textDocument/documentSymbol: [{"name":"# Specification Heading","kind":3,"location":{"uri":"file:///c%!A(MISSING)/Dev/playwright-bug/specs/example.spec","range":{"start":{"line":0,"character":0},"end":{"line":0,"character":21}}}},{"name":"## Vowel counts in single word","kind":3,"location":{"uri":"file:///c%!A(MISSING)/Dev/playwright-bug/specs/example.spec","range":{"start":{"line":12,"character":0},"end":{"line":12,"character":27}}}},{"name":"## Vowel counts in multiple word","kind":3,"location":{"uri":"file:///c%!A(MISSING)/Dev/playwright-bug/specs/example.spec","range":{"start":{"line":18,"character":0},"end":{"line":18,"character":29}}}}]
30-12-2025 15:13:03.689 [Gauge] [DEBUG] jsonrpc2: --> request #16: textDocument/codeLens: {"textDocument":{"uri":"file:///c%!A(MISSING)/Dev/playwright-bug/specs/example.spec"}}
30-12-2025 15:13:03.701 [Gauge] [DEBUG] jsonrpc2: <-- result #16: textDocument/codeLens: [{"range":{"start":{"line":12,"character":0},"end":{"line":12,"character":12}},"command":{"title":"Run Scenario","command":"gauge.execute","arguments":["c:\\Dev\\playwright-bug\\specs\\example.spec:13"]}},{"range":{"start":{"line":12,"character":0},"end":{"line":12,"character":14}},"command":{"title":"Debug Scenario","command":"gauge.debug","arguments":["c:\\Dev\\playwright-bug\\specs\\example.spec:13"]}},{"range":{"start":{"line":18,"character":0},"end":{"line":18,"character":12}},"command":{"title":"Run Scenario","command":"gauge.execute","arguments":["c:\\Dev\\playwright-bug\\specs\\example.spec:19"]}},{"range":{"start":{"line":18,"character":0},"end":{"line":18,"character":14}},"command":{"title":"Debug Scenario","command":"gauge.debug","arguments":["c:\\Dev\\playwright-bug\\specs\\example.spec:19"]}},{"range":{"start":{"line":0,"character":0},"end":{"line":0,"character":8}},"command":{"title":"Run Spec","command":"gauge.execute","arguments":["c:\\Dev\\playwright-bug\\specs\\example.spec"]}},{"range":{"start":{"line":0,"character":0},"end":{"line":0,"character":10}},"command":{"title":"Debug Spec","command":"gauge.debug","arguments":["c:\\Dev\\playwright-bug\\specs\\example.spec"]}}]
30-12-2025 15:13:07.823 [Gauge] [DEBUG] jsonrpc2: --> request #17: textDocument/codeAction: {"context":{"diagnostics":[],"triggerKind":2},"range":{"end":{"character":0,"line":0},"start":{"character":0,"line":0}},"textDocument":{"uri":"file:///c%!A(MISSING)/Dev/playwright-bug/specs/example.spec"}}
30-12-2025 15:13:07.858 [Gauge] [DEBUG] jsonrpc2: <-- result #17: textDocument/codeAction: null
30-12-2025 15:13:19.552 [Gauge] [DEBUG] jsonrpc2: --> request #18: gauge/executionStatus: {}
30-12-2025 15:13:19.557 [Gauge] [DEBUG] jsonrpc2: <-- result #18: gauge/executionStatus: {"type":"out","specsExecuted":1,"specsPassed":1,"specsFailed":0,"specsSkipped":0,"sceExecuted":1,"scePassed":1,"sceFailed":0,"sceSkipped":0}
30-12-2025 15:15:15.985 [Gauge] [DEBUG] jsonrpc2: --> notif: textDocument/didClose: {"textDocument":{"uri":"file:///c%!A(MISSING)/Dev/playwright-bug/specs/example.spec"}}
30-12-2025 15:15:16.002 [Gauge] [DEBUG] Validation started.
30-12-2025 15:15:16.016 [Gauge] [DEBUG] Validation completed.
30-12-2025 15:15:16.016 [Gauge] [DEBUG] jsonrpc2: <-- notif: textDocument/publishDiagnostics: {"uri":"file:///c%!A(MISSING)/Dev/playwright-bug/specs/example.spec","diagnostics":[]}
30-12-2025 15:16:39.363 [Gauge] [DEBUG] jsonrpc2: --> request #19: shutdown: null
30-12-2025 15:16:39.416 [dotnet] [DEBUG] KillProcessrequest received
30-12-2025 15:16:39.417 [Gauge] [DEBUG] jsonrpc2: <-- result #19: shutdown: null
30-12-2025 15:16:39.418 [Gauge] [DEBUG] jsonrpc2: --> notif: exit: null
30-12-2025 15:16:39.420 [Gauge] [INFO] Connection closed
30-12-2025 15:16:39.423 [dotnet] [DEBUG] KillProcessrequest received
30-12-2025 15:16:59.323 [Gauge] [INFO] Initializing concepts cache with 0 concepts
30-12-2025 15:16:59.323 [Gauge] [INFO] Initializing specs cache with 1 specs
30-12-2025 15:16:59.323 [Gauge] [DEBUG] Adding specs from c:\Dev\playwright-bug\specs\example.spec
30-12-2025 15:16:59.323 [Gauge] [INFO] Initializing steps cache with 1 steps
30-12-2025 15:16:59.335 [Gauge] [INFO] Starting language runner
30-12-2025 15:16:59.336 [Gauge] [DEBUG] Watching directory: c:\Dev\playwright-bug\specs
30-12-2025 15:16:59.336 [Gauge] [DEBUG] Found 1 files
30-12-2025 15:17:06.302 [dotnet] [INFO] Workload updates are available. Run `dotnet workload list` for more information.
30-12-2025 15:17:06.788 [dotnet] [DEBUG] Loading assembly from : c:\Dev\playwright-bug\gauge_bin\dotnet-template.dll
30-12-2025 15:17:07.314 [dotnet] [DEBUG] Try load Gauge.CSharp.Lib in LockFreeGaugeLoadContext
30-12-2025 15:17:07.401 [dotnet] [DEBUG] Try load dotnet-template in LockFreeGaugeLoadContext
30-12-2025 15:17:07.401 [dotnet] [DEBUG] Try load System.Runtime in LockFreeGaugeLoadContext
30-12-2025 15:17:07.401 [dotnet] [DEBUG] Try load System.Collections in LockFreeGaugeLoadContext
30-12-2025 15:17:07.401 [dotnet] [DEBUG] Try load Shouldly in LockFreeGaugeLoadContext
30-12-2025 15:17:07.401 [dotnet] [DEBUG] Try load System.Linq in LockFreeGaugeLoadContext
30-12-2025 15:17:07.401 [dotnet] [DEBUG] Try load System.Runtime in LockFreeGaugeLoadContext
30-12-2025 15:17:07.401 [dotnet] [DEBUG] Number of AssembliesReferencingGaugeLib : 1
30-12-2025 15:17:07.401 [dotnet] [DEBUG] Try load System.Runtime in LockFreeGaugeLoadContext
30-12-2025 15:17:07.401 [dotnet] [DEBUG] Try load System.Collections in LockFreeGaugeLoadContext
30-12-2025 15:17:07.401 [dotnet] [DEBUG] Building StepRegistry...
30-12-2025 15:17:07.401 [dotnet] [DEBUG] 3 Step implementations found. Adding to registry...
30-12-2025 15:17:07.401 [dotnet] [DEBUG] 'Vowels in English language are {}.': implementation found in StepRegistry, setting reflected methodInfo
30-12-2025 15:17:07.401 [dotnet] [DEBUG] 'The word {} has {} vowels.': implementation found in StepRegistry, setting reflected methodInfo
30-12-2025 15:17:07.401 [dotnet] [DEBUG] 'Almost all words have vowels {}': implementation found in StepRegistry, setting reflected methodInfo
30-12-2025 15:17:07.401 [dotnet] [DEBUG] Building StepRegistry...
30-12-2025 15:17:07.401 [dotnet] [DEBUG] 3 Step implementations found. Adding to registry...
30-12-2025 15:17:07.401 [dotnet] [DEBUG] 'Vowels in English language are {}.': implementation found in StepRegistry, setting reflected methodInfo
30-12-2025 15:17:07.401 [dotnet] [DEBUG] 'The word {} has {} vowels.': implementation found in StepRegistry, setting reflected methodInfo
30-12-2025 15:17:07.401 [dotnet] [DEBUG] 'Almost all words have vowels {}': implementation found in StepRegistry, setting reflected methodInfo
30-12-2025 15:17:07.589 [Gauge] [DEBUG] Attempting to connect to grpc server at port: 51513
30-12-2025 15:17:07.589 [Gauge] [DEBUG] Successfully made the connection with runner with port: 51513
30-12-2025 15:17:07.589 [Gauge] [INFO] LangServer: reading on stdin, writing on stdout
30-12-2025 15:17:07.591 [Gauge] [DEBUG] jsonrpc2: --> request #0: initialize: {"capabilities":{"general":{"markdown":{"parser":"marked","version":"1.1.0"},"positionEncodings":["utf-16"],"regularExpressions":{"engine":"ECMAScript","version":"ES2020"},"staleRequestSupport":{"cancel":true,"retryOnContentModified":["textDocument/semanticTokens/full","textDocument/semanticTokens/range","textDocument/semanticTokens/full/delta"]}},"notebookDocument":{"synchronization":{"dynamicRegistration":true,"executionSummarySupport":true}},"saveFiles":true,"textDocument":{"callHierarchy":{"dynamicRegistration":true},"codeAction":{"codeActionLiteralSupport":{"codeActionKind":{"valueSet":["","quickfix","refactor","refactor.extract","refactor.inline","refactor.rewrite","source","source.organizeImports"]}},"dataSupport":true,"disabledSupport":true,"dynamicRegistration":true,"honorsChangeAnnotations":true,"isPreferredSupport":true,"resolveSupport":{"properties":["edit"]}},"codeLens":{"dynamicRegistration":true},"colorProvider":{"dynamicRegistration":true},"completion":{"completionItem":{"commitCharactersSupport":true,"deprecatedSupport":true,"documentationFormat":["markdown","plaintext"],"insertReplaceSupport":true,"insertTextModeSupport":{"valueSet":[1,2]},"labelDetailsSupport":true,"preselectSupport":true,"resolveSupport":{"properties":["documentation","detail","additionalTextEdits"]},"snippetSupport":true,"tagSupport":{"valueSet":[1]}},"completionItemKind":{"valueSet":[1,2,3,4,5,6,7,8,9,10,11,12,13,14,15,16,17,18,19,20,21,22,23,24,25]},"completionList":{"itemDefaults":["commitCharacters","editRange","insertTextFormat","insertTextMode","data"]},"contextSupport":true,"dynamicRegistration":true,"insertTextMode":2},"declaration":{"dynamicRegistration":true,"linkSupport":true},"definition":{"dynamicRegistration":true,"linkSupport":true},"diagnostic":{"dynamicRegistration":true,"relatedDocumentSupport":false},"documentHighlight":{"dynamicRegistration":true},"documentLink":{"dynamicRegistration":true,"tooltipSupport":true},"documentSymbol":{"dynamicRegistration":true,"hierarchicalDocumentSymbolSupport":true,"labelSupport":true,"symbolKind":{"valueSet":[1,2,3,4,5,6,7,8,9,10,11,12,13,14,15,16,17,18,19,20,21,22,23,24,25,26]},"tagSupport":{"valueSet":[1]}},"foldingRange":{"dynamicRegistration":true,"foldingRange":{"collapsedText":false},"foldingRangeKind":{"valueSet":["comment","imports","region"]},"lineFoldingOnly":true,"rangeLimit":5000},"formatting":{"dynamicRegistration":true},"hover":{"contentFormat":["markdown","plaintext"],"dynamicRegistration":true},"implementation":{"dynamicRegistration":true,"linkSupport":true},"inlayHint":{"dynamicRegistration":true,"resolveSupport":{"properties":["tooltip","textEdits","label.tooltip","label.location","label.command"]}},"inlineValue":{"dynamicRegistration":true},"linkedEditingRange":{"dynamicRegistration":true},"onTypeFormatting":{"dynamicRegistration":true},"publishDiagnostics":{"codeDescriptionSupport":true,"dataSupport":true,"relatedInformation":true,"tagSupport":{"valueSet":[1,2]},"versionSupport":false},"rangeFormatting":{"dynamicRegistration":true,"rangesSupport":true},"references":{"dynamicRegistration":true},"rename":{"dynamicRegistration":true,"honorsChangeAnnotations":true,"prepareSupport":true,"prepareSupportDefaultBehavior":1},"selectionRange":{"dynamicRegistration":true},"semanticTokens":{"augmentsSyntaxTokens":true,"dynamicRegistration":true,"formats":["relative"],"multilineTokenSupport":false,"overlappingTokenSupport":false,"requests":{"full":{"delta":true},"range":true},"serverCancelSupport":true,"tokenModifiers":["declaration","definition","readonly","static","deprecated","abstract","async","modification","documentation","defaultLibrary"],"tokenTypes":["namespace","type","class","enum","interface","struct","typeParameter","parameter","variable","property","enumMember","event","function","method","macro","keyword","modifier","comment","string","number","regexp","operator","decorator"]},"signatureHelp":{"contextSupport":true,"dynamicRegistration":true,"signatureInformation":{"activeParameterSupport":true,"documentationFormat":["markdown","plaintext"],"parameterInformation":{"labelOffsetSupport":true}}},"synchronization":{"didSave":true,"dynamicRegistration":true,"willSave":true,"willSaveWaitUntil":true},"typeDefinition":{"dynamicRegistration":true,"linkSupport":true},"typeHierarchy":{"dynamicRegistration":true}},"window":{"showDocument":{"support":true},"showMessage":{"messageActionItem":{"additionalPropertiesSupport":true}},"workDoneProgress":true},"workspace":{"applyEdit":true,"codeLens":{"refreshSupport":true},"configuration":true,"diagnostics":{"refreshSupport":true},"didChangeConfiguration":{"dynamicRegistration":true},"didChangeWatchedFiles":{"dynamicRegistration":true,"relativePatternSupport":true},"executeCommand":{"dynamicRegistration":true},"fileOperations":{"didCreate":true,"didDelete":true,"didRename":true,"dynamicRegistration":true,"willCreate":true,"willDelete":true,"willRename":true},"foldingRange":{"refreshSupport":true},"inlayHint":{"refreshSupport":true},"inlineValue":{"refreshSupport":true},"semanticTokens":{"refreshSupport":true},"symbol":{"dynamicRegistration":true,"resolveSupport":{"properties":["location.range"]},"symbolKind":{"valueSet":[1,2,3,4,5,6,7,8,9,10,11,12,13,14,15,16,17,18,19,20,21,22,23,24,25,26]},"tagSupport":{"valueSet":[1]}},"workspaceEdit":{"changeAnnotationSupport":{"groupsOnLabel":true},"documentChanges":true,"failureHandling":"textOnlyTransactional","normalizesLineEndings":true,"resourceOperations":["create","rename","delete"]}}},"clientInfo":{"name":"Visual Studio Code","version":"1.104.0"},"locale":"en","processId":7628,"rootPath":"c:\\Dev\\playwright-bug","rootUri":"file:///c%!A(MISSING)/Dev/playwright-bug","trace":"off","workspaceFolders":[{"name":"playwright-bug","uri":"file:///c%!A(MISSING)/Dev/playwright-bug"}]}
30-12-2025 15:17:07.600 [Gauge] [DEBUG] jsonrpc2: <-- result #0: initialize: {"capabilities":{"textDocumentSync":1,"completionProvider":{"resolveProvider":true,"triggerCharacters":["*","* ","\"","\u003c",":",","]},"definitionProvider":true,"documentSymbolProvider":true,"workspaceSymbolProvider":true,"codeActionProvider":true,"codeLensProvider":{},"documentFormattingProvider":true,"renameProvider":true}}
30-12-2025 15:17:09.451 [Gauge] [DEBUG] jsonrpc2: --> notif: initialized: {}
30-12-2025 15:17:09.483 [Gauge] [DEBUG] jsonrpc2: <-- request #0: client/registerCapability: {"registrations":[{"id":"gauge-fileWatcher","method":"workspace/didChangeWatchedFiles","registerOptions":{"watchers":[{"globPattern":"c:/Dev/playwright-bug/**/*{.spec,.md,.cpt}","kind":5}]}}]}
30-12-2025 15:17:10.781 [Gauge] [DEBUG] jsonrpc2: --> notif: workspace/didChangeConfiguration: {"settings":{"gauge":{"codeLenses":{"reference":true},"create":{"specification":{"withHelp":true}},"execution":{"debugPort":9229},"formatting":{"skipEmptyLineInsertions":false},"launch":{"enableDebugLogs":true},"recommendedSettings":{"options":"Apply \u0026 Reload"},"semanticTokenColors":{"argument":"#ae81ff","comment":"#cccccc","disabledStep":"#228549","scenario":"#66d9ef","specification":"#66d9ef","step":"#a6e22e","stepMarker":"#ffffff","table":"#ae81ff","tableBorder":"#8349f0","tableHeaderSeparator":"#8349f0","tagKeyword":"#ff4689","tagValue":"#fc88b2"},"specExplorer":{"enabled":true},"welcomeNotification":{"showOn":"never"}}}}
30-12-2025 15:17:10.781 [Gauge] [DEBUG] notif #0: workspace/didChangeConfiguration: Updated settings.
30-12-2025 15:17:10.781 [Gauge] [DEBUG] jsonrpc2: <-- notif: window/logMessage: {"type":4,"message":"notif #0: workspace/didChangeConfiguration: Updated settings."}
30-12-2025 15:17:11.105 [Gauge] [DEBUG] jsonrpc2: --> request #1: gauge/getRunnerLanguage: null
30-12-2025 15:17:11.150 [Gauge] [DEBUG] jsonrpc2: <-- result #1: gauge/getRunnerLanguage: "csharp"
30-12-2025 15:17:11.393 [Gauge] [DEBUG] jsonrpc2: --> result #0: client/registerCapability: null
30-12-2025 15:17:12.025 [Gauge] [DEBUG] jsonrpc2: <-- request #1: client/registerCapability: {"registrations":[{"id":"gauge-runner-didOpen","method":"textDocument/didOpen","registerOptions":{"documentSelector":[{"scheme":"file","language":"csharp","pattern":"c:\\Dev\\playwright-bug/**/*.cs"}]}},{"id":"gauge-runner-didClose","method":"textDocument/didClose","registerOptions":{"documentSelector":[{"scheme":"file","language":"csharp","pattern":"c:\\Dev\\playwright-bug/**/*.cs"}]}},{"id":"gauge-runner-didChange","method":"textDocument/didChange","registerOptions":{"documentSelector":[{"scheme":"file","language":"csharp","pattern":"c:\\Dev\\playwright-bug/**/*.cs"}],"syncKind":1}},{"id":"gauge-runner-fileWatcher","method":"workspace/didChangeWatchedFiles","registerOptions":{"watchers":[{"globPattern":"c:\\Dev\\playwright-bug/**/*.cs","kind":5}]}},{"id":"gauge-runner-codelens","method":"textDocument/codeLens","registerOptions":{"documentSelector":[{"scheme":"file","language":"csharp","pattern":"c:\\Dev\\playwright-bug/**/*.cs"}]}}]}
30-12-2025 15:17:12.353 [Gauge] [DEBUG] jsonrpc2: --> result #1: client/registerCapability: null
30-12-2025 15:17:12.426 [Gauge] [DEBUG] Validation started.
30-12-2025 15:17:12.543 [Gauge] [DEBUG] Validation completed.
30-12-2025 15:17:12.543 [Gauge] [DEBUG] jsonrpc2: <-- notif: textDocument/publishDiagnostics: {"uri":"file:///c%!A(MISSING)/Dev/playwright-bug/specs/example.spec","diagnostics":[]}
30-12-2025 15:17:17.640 [Gauge] [DEBUG] jsonrpc2: --> notif: workspace/didChangeWatchedFiles: {"changes":[{"type":1,"uri":"file:///c%!A(MISSING)/Dev/playwright-bug/obj/Debug/net8.0/.NETCoreApp%!C(MISSING)Version%!D(MISSING)v8.0.AssemblyAttributes.cs"},{"type":1,"uri":"file:///c%!A(MISSING)/Dev/playwright-bug/obj/Debug/net8.0/dotnet-template.AssemblyInfo.cs"}]}
30-12-2025 15:17:18.162 [Gauge] [DEBUG] Validation started.
30-12-2025 15:17:18.341 [Gauge] [DEBUG] Validation completed.
30-12-2025 15:17:18.341 [Gauge] [DEBUG] jsonrpc2: <-- notif: textDocument/publishDiagnostics: {"uri":"file:///c%!A(MISSING)/Dev/playwright-bug/specs/example.spec","diagnostics":[]}
30-12-2025 15:17:34.510 [Gauge] [DEBUG] jsonrpc2: --> notif: workspace/didChangeWatchedFiles: {"changes":[{"type":1,"uri":"file:///c%!A(MISSING)/Dev/playwright-bug/bin/Debug/net8.0/.playwright/package/README.md"}]}
30-12-2025 15:17:34.528 [Gauge] [DEBUG] Validation started.
30-12-2025 15:17:34.560 [Gauge] [DEBUG] Validation completed.
30-12-2025 15:17:34.560 [Gauge] [DEBUG] jsonrpc2: <-- notif: textDocument/publishDiagnostics: {"uri":"file:///c%!A(MISSING)/Dev/playwright-bug/specs/example.spec","diagnostics":[]}
30-12-2025 15:51:04.410 [Gauge] [DEBUG] jsonrpc2: --> request #2: shutdown: null
30-12-2025 15:51:04.439 [dotnet] [DEBUG] KillProcessrequest received
30-12-2025 15:51:04.439 [Gauge] [DEBUG] jsonrpc2: <-- result #2: shutdown: null
30-12-2025 15:51:04.441 [Gauge] [DEBUG] jsonrpc2: --> notif: exit: null
30-12-2025 15:54:01.369 [Gauge] [INFO] Initializing concepts cache with 0 concepts
30-12-2025 15:54:01.371 [Gauge] [INFO] Initializing specs cache with 1 specs
30-12-2025 15:54:01.371 [Gauge] [DEBUG] Adding specs from c:\Dev\playwright-bug\specs\example.spec
30-12-2025 15:54:01.371 [Gauge] [INFO] Initializing steps cache with 1 steps
30-12-2025 15:54:01.373 [Gauge] [INFO] Starting language runner
30-12-2025 15:54:01.380 [Gauge] [DEBUG] Watching directory: c:\Dev\playwright-bug\specs
30-12-2025 15:54:01.380 [Gauge] [DEBUG] Found 1 files
30-12-2025 15:54:20.884 [dotnet] [INFO] Workload updates are available. Run `dotnet workload list` for more information.
30-12-2025 15:54:24.877 [dotnet] [DEBUG] Loading assembly from : c:\Dev\playwright-bug\gauge_bin\dotnet-template.dll
30-12-2025 15:54:25.391 [dotnet] [DEBUG] Try load Gauge.CSharp.Lib in LockFreeGaugeLoadContext
30-12-2025 15:54:25.434 [dotnet] [DEBUG] Try load dotnet-template in LockFreeGaugeLoadContext
30-12-2025 15:54:25.434 [dotnet] [DEBUG] Try load System.Runtime in LockFreeGaugeLoadContext
30-12-2025 15:54:25.434 [dotnet] [DEBUG] Try load System.Collections in LockFreeGaugeLoadContext
30-12-2025 15:54:25.434 [dotnet] [DEBUG] Try load Shouldly in LockFreeGaugeLoadContext
30-12-2025 15:54:25.442 [dotnet] [DEBUG] Try load System.Linq in LockFreeGaugeLoadContext
30-12-2025 15:54:25.442 [dotnet] [DEBUG] Try load System.Runtime in LockFreeGaugeLoadContext
30-12-2025 15:54:25.442 [dotnet] [DEBUG] Number of AssembliesReferencingGaugeLib : 1
30-12-2025 15:54:25.442 [dotnet] [DEBUG] Try load System.Runtime in LockFreeGaugeLoadContext
30-12-2025 15:54:25.442 [dotnet] [DEBUG] Try load System.Collections in LockFreeGaugeLoadContext
30-12-2025 15:54:25.442 [dotnet] [DEBUG] Building StepRegistry...
30-12-2025 15:54:25.450 [dotnet] [DEBUG] 3 Step implementations found. Adding to registry...
30-12-2025 15:54:25.450 [dotnet] [DEBUG] 'Vowels in English language are {}.': implementation found in StepRegistry, setting reflected methodInfo
30-12-2025 15:54:25.465 [dotnet] [DEBUG] 'The word {} has {} vowels.': implementation found in StepRegistry, setting reflected methodInfo
30-12-2025 15:54:25.465 [dotnet] [DEBUG] 'Almost all words have vowels {}': implementation found in StepRegistry, setting reflected methodInfo
30-12-2025 15:54:25.465 [dotnet] [DEBUG] Building StepRegistry...
30-12-2025 15:54:25.465 [dotnet] [DEBUG] 3 Step implementations found. Adding to registry...
30-12-2025 15:54:25.465 [dotnet] [DEBUG] 'Vowels in English language are {}.': implementation found in StepRegistry, setting reflected methodInfo
30-12-2025 15:54:25.465 [dotnet] [DEBUG] 'The word {} has {} vowels.': implementation found in StepRegistry, setting reflected methodInfo
30-12-2025 15:54:25.465 [dotnet] [DEBUG] 'Almost all words have vowels {}': implementation found in StepRegistry, setting reflected methodInfo
30-12-2025 15:54:25.599 [Gauge] [DEBUG] Attempting to connect to grpc server at port: 59363
30-12-2025 15:54:25.599 [Gauge] [DEBUG] Successfully made the connection with runner with port: 59363
30-12-2025 15:54:25.599 [Gauge] [INFO] LangServer: reading on stdin, writing on stdout
30-12-2025 15:54:25.599 [Gauge] [DEBUG] jsonrpc2: --> request #0: initialize: {"capabilities":{"general":{"markdown":{"parser":"marked","version":"1.1.0"},"positionEncodings":["utf-16"],"regularExpressions":{"engine":"ECMAScript","version":"ES2020"},"staleRequestSupport":{"cancel":true,"retryOnContentModified":["textDocument/semanticTokens/full","textDocument/semanticTokens/range","textDocument/semanticTokens/full/delta"]}},"notebookDocument":{"synchronization":{"dynamicRegistration":true,"executionSummarySupport":true}},"saveFiles":true,"textDocument":{"callHierarchy":{"dynamicRegistration":true},"codeAction":{"codeActionLiteralSupport":{"codeActionKind":{"valueSet":["","quickfix","refactor","refactor.extract","refactor.inline","refactor.rewrite","source","source.organizeImports"]}},"dataSupport":true,"disabledSupport":true,"dynamicRegistration":true,"honorsChangeAnnotations":true,"isPreferredSupport":true,"resolveSupport":{"properties":["edit"]}},"codeLens":{"dynamicRegistration":true},"colorProvider":{"dynamicRegistration":true},"completion":{"completionItem":{"commitCharactersSupport":true,"deprecatedSupport":true,"documentationFormat":["markdown","plaintext"],"insertReplaceSupport":true,"insertTextModeSupport":{"valueSet":[1,2]},"labelDetailsSupport":true,"preselectSupport":true,"resolveSupport":{"properties":["documentation","detail","additionalTextEdits"]},"snippetSupport":true,"tagSupport":{"valueSet":[1]}},"completionItemKind":{"valueSet":[1,2,3,4,5,6,7,8,9,10,11,12,13,14,15,16,17,18,19,20,21,22,23,24,25]},"completionList":{"itemDefaults":["commitCharacters","editRange","insertTextFormat","insertTextMode","data"]},"contextSupport":true,"dynamicRegistration":true,"insertTextMode":2},"declaration":{"dynamicRegistration":true,"linkSupport":true},"definition":{"dynamicRegistration":true,"linkSupport":true},"diagnostic":{"dynamicRegistration":true,"relatedDocumentSupport":false},"documentHighlight":{"dynamicRegistration":true},"documentLink":{"dynamicRegistration":true,"tooltipSupport":true},"documentSymbol":{"dynamicRegistration":true,"hierarchicalDocumentSymbolSupport":true,"labelSupport":true,"symbolKind":{"valueSet":[1,2,3,4,5,6,7,8,9,10,11,12,13,14,15,16,17,18,19,20,21,22,23,24,25,26]},"tagSupport":{"valueSet":[1]}},"foldingRange":{"dynamicRegistration":true,"foldingRange":{"collapsedText":false},"foldingRangeKind":{"valueSet":["comment","imports","region"]},"lineFoldingOnly":true,"rangeLimit":5000},"formatting":{"dynamicRegistration":true},"hover":{"contentFormat":["markdown","plaintext"],"dynamicRegistration":true},"implementation":{"dynamicRegistration":true,"linkSupport":true},"inlayHint":{"dynamicRegistration":true,"resolveSupport":{"properties":["tooltip","textEdits","label.tooltip","label.location","label.command"]}},"inlineValue":{"dynamicRegistration":true},"linkedEditingRange":{"dynamicRegistration":true},"onTypeFormatting":{"dynamicRegistration":true},"publishDiagnostics":{"codeDescriptionSupport":true,"dataSupport":true,"relatedInformation":true,"tagSupport":{"valueSet":[1,2]},"versionSupport":false},"rangeFormatting":{"dynamicRegistration":true,"rangesSupport":true},"references":{"dynamicRegistration":true},"rename":{"dynamicRegistration":true,"honorsChangeAnnotations":true,"prepareSupport":true,"prepareSupportDefaultBehavior":1},"selectionRange":{"dynamicRegistration":true},"semanticTokens":{"augmentsSyntaxTokens":true,"dynamicRegistration":true,"formats":["relative"],"multilineTokenSupport":false,"overlappingTokenSupport":false,"requests":{"full":{"delta":true},"range":true},"serverCancelSupport":true,"tokenModifiers":["declaration","definition","readonly","static","deprecated","abstract","async","modification","documentation","defaultLibrary"],"tokenTypes":["namespace","type","class","enum","interface","struct","typeParameter","parameter","variable","property","enumMember","event","function","method","macro","keyword","modifier","comment","string","number","regexp","operator","decorator"]},"signatureHelp":{"contextSupport":true,"dynamicRegistration":true,"signatureInformation":{"activeParameterSupport":true,"documentationFormat":["markdown","plaintext"],"parameterInformation":{"labelOffsetSupport":true}}},"synchronization":{"didSave":true,"dynamicRegistration":true,"willSave":true,"willSaveWaitUntil":true},"typeDefinition":{"dynamicRegistration":true,"linkSupport":true},"typeHierarchy":{"dynamicRegistration":true}},"window":{"showDocument":{"support":true},"showMessage":{"messageActionItem":{"additionalPropertiesSupport":true}},"workDoneProgress":true},"workspace":{"applyEdit":true,"codeLens":{"refreshSupport":true},"configuration":true,"diagnostics":{"refreshSupport":true},"didChangeConfiguration":{"dynamicRegistration":true},"didChangeWatchedFiles":{"dynamicRegistration":true,"relativePatternSupport":true},"executeCommand":{"dynamicRegistration":true},"fileOperations":{"didCreate":true,"didDelete":true,"didRename":true,"dynamicRegistration":true,"willCreate":true,"willDelete":true,"willRename":true},"foldingRange":{"refreshSupport":true},"inlayHint":{"refreshSupport":true},"inlineValue":{"refreshSupport":true},"semanticTokens":{"refreshSupport":true},"symbol":{"dynamicRegistration":true,"resolveSupport":{"properties":["location.range"]},"symbolKind":{"valueSet":[1,2,3,4,5,6,7,8,9,10,11,12,13,14,15,16,17,18,19,20,21,22,23,24,25,26]},"tagSupport":{"valueSet":[1]}},"workspaceEdit":{"changeAnnotationSupport":{"groupsOnLabel":true},"documentChanges":true,"failureHandling":"textOnlyTransactional","normalizesLineEndings":true,"resourceOperations":["create","rename","delete"]}}},"clientInfo":{"name":"Visual Studio Code","version":"1.104.0"},"locale":"en","processId":17844,"rootPath":"c:\\Dev\\playwright-bug","rootUri":"file:///c%!A(MISSING)/Dev/playwright-bug","trace":"off","workspaceFolders":[{"name":"playwright-bug","uri":"file:///c%!A(MISSING)/Dev/playwright-bug"}]}
30-12-2025 15:54:25.619 [Gauge] [DEBUG] jsonrpc2: <-- result #0: initialize: {"capabilities":{"textDocumentSync":1,"completionProvider":{"resolveProvider":true,"triggerCharacters":["*","* ","\"","\u003c",":",","]},"definitionProvider":true,"documentSymbolProvider":true,"workspaceSymbolProvider":true,"codeActionProvider":true,"codeLensProvider":{},"documentFormattingProvider":true,"renameProvider":true}}
30-12-2025 15:54:25.641 [Gauge] [DEBUG] jsonrpc2: --> notif: initialized: {}
30-12-2025 15:54:25.641 [Gauge] [DEBUG] jsonrpc2: --> notif: workspace/didChangeConfiguration: {"settings":{"gauge":{"codeLenses":{"reference":true},"create":{"specification":{"withHelp":true}},"execution":{"debugPort":9229},"formatting":{"skipEmptyLineInsertions":false},"launch":{"enableDebugLogs":true},"recommendedSettings":{"options":"Apply \u0026 Reload"},"semanticTokenColors":{"argument":"#ae81ff","comment":"#cccccc","disabledStep":"#228549","scenario":"#66d9ef","specification":"#66d9ef","step":"#a6e22e","stepMarker":"#ffffff","table":"#ae81ff","tableBorder":"#8349f0","tableHeaderSeparator":"#8349f0","tagKeyword":"#ff4689","tagValue":"#fc88b2"},"specExplorer":{"enabled":true},"welcomeNotification":{"showOn":"never"}}}}
30-12-2025 15:54:25.641 [Gauge] [DEBUG] jsonrpc2: --> request #1: gauge/getRunnerLanguage: null
30-12-2025 15:54:25.651 [Gauge] [DEBUG] jsonrpc2: <-- request #0: client/registerCapability: {"registrations":[{"id":"gauge-fileWatcher","method":"workspace/didChangeWatchedFiles","registerOptions":{"watchers":[{"globPattern":"c:/Dev/playwright-bug/**/*{.spec,.md,.cpt}","kind":5}]}}]}
30-12-2025 15:54:25.652 [Gauge] [DEBUG] notif #0: workspace/didChangeConfiguration: Updated settings.
30-12-2025 15:54:25.652 [Gauge] [DEBUG] jsonrpc2: <-- notif: window/logMessage: {"type":4,"message":"notif #0: workspace/didChangeConfiguration: Updated settings."}
30-12-2025 15:54:25.652 [Gauge] [DEBUG] jsonrpc2: <-- result #1: gauge/getRunnerLanguage: "csharp"
30-12-2025 15:54:25.655 [Gauge] [DEBUG] jsonrpc2: --> result #0: client/registerCapability: null
30-12-2025 15:54:25.894 [Gauge] [DEBUG] jsonrpc2: <-- request #1: client/registerCapability: {"registrations":[{"id":"gauge-runner-didOpen","method":"textDocument/didOpen","registerOptions":{"documentSelector":[{"scheme":"file","language":"csharp","pattern":"c:\\Dev\\playwright-bug/**/*.cs"}]}},{"id":"gauge-runner-didClose","method":"textDocument/didClose","registerOptions":{"documentSelector":[{"scheme":"file","language":"csharp","pattern":"c:\\Dev\\playwright-bug/**/*.cs"}]}},{"id":"gauge-runner-didChange","method":"textDocument/didChange","registerOptions":{"documentSelector":[{"scheme":"file","language":"csharp","pattern":"c:\\Dev\\playwright-bug/**/*.cs"}],"syncKind":1}},{"id":"gauge-runner-fileWatcher","method":"workspace/didChangeWatchedFiles","registerOptions":{"watchers":[{"globPattern":"c:\\Dev\\playwright-bug/**/*.cs","kind":5}]}},{"id":"gauge-runner-codelens","method":"textDocument/codeLens","registerOptions":{"documentSelector":[{"scheme":"file","language":"csharp","pattern":"c:\\Dev\\playwright-bug/**/*.cs"}]}}]}
30-12-2025 15:54:25.902 [Gauge] [DEBUG] jsonrpc2: --> result #1: client/registerCapability: null
30-12-2025 15:54:25.910 [Gauge] [DEBUG] Validation started.
30-12-2025 15:54:25.966 [Gauge] [DEBUG] Validation completed.
30-12-2025 15:54:25.966 [Gauge] [DEBUG] jsonrpc2: <-- notif: textDocument/publishDiagnostics: {"uri":"file:///c%!A(MISSING)/Dev/playwright-bug/specs/example.spec","diagnostics":[]}
30-12-2025 15:55:27.173 [Gauge] [DEBUG] jsonrpc2: --> request #2: shutdown: null
30-12-2025 15:55:27.192 [dotnet] [DEBUG] KillProcessrequest received
30-12-2025 15:55:27.197 [Gauge] [DEBUG] jsonrpc2: <-- result #2: shutdown: null
30-12-2025 15:55:27.204 [Gauge] [DEBUG] jsonrpc2: --> notif: exit: null
